<interactionEvent>
	<kind>selection</kind>
	<date>2007-02-16 16:13:03.263 PST</date>
	<endDate>2007-02-16 16:13:03.263 PST</endDate>
	<originId>originId</originId>
	<structureKind>structureKind</structureKind>
	<structureHandle>1</structureHandle>
	<navigation>navigatedRelation</navigation>
	<delta>delta</delta>
	<interestContribution>2.0</interestContribution>
</interactionEvent>
<interactionEvent>
	<kind>selection</kind>
	<date>2007-02-16 16:13:03.263 PST</date>
	<endDate>2007-02-16 16:13:03.263 PST</endDate>
	<originId>originId</originId>
	<structureKind>structureKind</structureKind>
	<structureHandle>11</structureHandle>
	<navigation>navigatedRelation</navigation>
	<delta>delta</delta>
	<interestContribution>2.0</interestContribution>
</interactionEvent>
<interactionEvent>
	<kind>selection</kind>
	<date>2007-02-16 16:13:03.263 PST</date>
	<endDate>2007-02-16 16:13:03.263 PST</endDate>
	<originId>originId</originId>
	<structureKind>structureKind</structureKind>
	<structureHandle>111</structureHandle>
	<navigation>navigatedRelation</navigation>
	<delta>delta</delta>
	<interestContribution>2.0</interestContribution>
</interactionEvent>
<interactionEvent>
	<kind>selection</kind>
	<date>2007-02-16 16:13:03.264 PST</date>
	<endDate>2007-02-16 16:13:03.264 PST</endDate>
	<originId>originId</originId>
	<structureKind>structureKind</structureKind>
	<structureHandle>1111</structureHandle>
	<navigation>navigatedRelation</navigation>
	<delta>delta</delta>
	<interestContribution>2.0</interestContribution>
</interactionEvent>
<interactionEvent>
	<kind>selection</kind>
	<date>2007-02-16 16:13:03.264 PST</date>
	<endDate>2007-02-16 16:13:03.264 PST</endDate>
	<originId>originId</originId>
	<structureKind>structureKind</structureKind>
	<structureHandle>11111</structureHandle>
	<navigation>navigatedRelation</navigation>
	<delta>delta</delta>
	<interestContribution>2.0</interestContribution>
</interactionEvent>
<interactionEvent>
	<kind>selection</kind>
	<date>2007-02-16 16:13:03.264 PST</date>
	<endDate>2007-02-16 16:13:03.264 PST</endDate>
	<originId>originId</originId>
	<structureKind>structureKind</structureKind>
	<structureHandle>111111</structureHandle>
	<navigation>navigatedRelation</navigation>
	<delta>delta</delta>
	<interestContribution>2.0</interestContribution>
</interactionEvent>
<interactionEvent>
	<kind>selection</kind>
	<date>2007-02-16 16:13:03.264 PST</date>
	<endDate>2007-02-16 16:13:03.264 PST</endDate>
	<originId>originId</originId>
	<structureKind>structureKind</structureKind>
	<structureHandle>1111111</structureHandle>
	<navigation>navigatedRelation</navigation>
	<delta>delta</delta>
	<interestContribution>2.0</interestContribution>
</interactionEvent>
<interactionEvent>
	<kind>selection</kind>
	<date>2007-02-16 16:13:03.264 PST</date>
	<endDate>2007-02-16 16:13:03.264 PST</endDate>
	<originId>originId</originId>
	<structureKind>structureKind</structureKind>
	<structureHandle>11111111</structureHandle>
	<navigation>navigatedRelation</navigation>
	<delta>delta</delta>
	<interestContribution>2.0</interestContribution>
</interactionEvent>
<interactionEvent>
	<kind>selection</kind>
	<date>2007-02-16 16:13:03.264 PST</date>
	<endDate>2007-02-16 16:13:03.264 PST</endDate>
	<originId>originId</originId>
	<structureKind>structureKind</structureKind>
	<structureHandle>111111111</structureHandle>
	<navigation>navigatedRelation</navigation>
	<delta>delta</delta>
	<interestContribution>2.0</interestContribution>
</interactionEvent>
<interactionEvent>
	<kind>selection</kind>
	<date>2007-02-16 16:13:03.265 PST</date>
	<endDate>2007-02-16 16:13:03.265 PST</endDate>
	<originId>originId</originId>
	<structureKind>structureKind</structureKind>
	<structureHandle>1111111111</structureHandle>
	<navigation>navigatedRelation</navigation>
	<delta>delta</delta>
	<interestContribution>2.0</interestContribution>
</interactionEvent>
<interactionEvent>
	<kind>selection</kind>
	<date>2007-02-16 16:13:03.265 PST</date>
	<endDate>2007-02-16 16:13:03.265 PST</endDate>
	<originId>originId</originId>
	<structureKind>structureKind</structureKind>
	<structureHandle>11111111111</structureHandle>
	<navigation>navigatedRelation</navigation>
	<delta>delta</delta>
	<interestContribution>2.0</interestContribution>
</interactionEvent>
<interactionEvent>
	<kind>selection</kind>
	<date>2007-02-16 16:13:03.265 PST</date>
	<endDate>2007-02-16 16:13:03.265 PST</endDate>
	<originId>originId</originId>
	<structureKind>structureKind</structureKind>
	<structureHandle>111111111111</structureHandle>
	<navigation>navigatedRelation</navigation>
	<delta>delta</delta>
	<interestContribution>2.0</interestContribution>
</interactionEvent>
<interactionEvent>
	<kind>selection</kind>
	<date>2007-02-16 16:13:03.265 PST</date>
	<endDate>2007-02-16 16:13:03.265 PST</endDate>
	<originId>originId</originId>
	<structureKind>structureKind</structureKind>
	<structureHandle>1111111111111</structureHandle>
	<navigation>navigatedRelation</navigation>
	<delta>delta</delta>
	<interestContribution>2.0</interestContribution>
</interactionEvent>
<interactionEvent>
	<kind>selection</kind>
	<date>2007-02-16 16:13:03.265 PST</date>
	<endDate>2007-02-16 16:13:03.265 PST</endDate>
	<originId>originId</originId>
	<structureKind>structureKind</structureKind>
	<structureHandle>11111111111111</structureHandle>
	<navigation>navigatedRelation</navigation>
	<delta>delta</delta>
	<interestContribution>2.0</interestContribution>
</interactionEvent>
<interactionEvent>
	<kind>selection</kind>
	<date>2007-02-16 16:13:03.265 PST</date>
	<endDate>2007-02-16 16:13:03.265 PST</endDate>
	<originId>originId</originId>
	<structureKind>structureKind</structureKind>
	<structureHandle>111111111111111</structureHandle>
	<navigation>navigatedRelation</navigation>
	<delta>delta</delta>
	<interestContribution>2.0</interestContribution>
</interactionEvent>
<interactionEvent>
	<kind>selection</kind>
	<date>2007-02-16 16:13:03.266 PST</date>
	<endDate>2007-02-16 16:13:03.266 PST</endDate>
	<originId>originId</originId>
	<structureKind>structureKind</structureKind>
	<structureHandle>1111111111111111</structureHandle>
	<navigation>navigatedRelation</navigation>
	<delta>delta</delta>
	<interestContribution>2.0</interestContribution>
</interactionEvent>
<interactionEvent>
	<kind>selection</kind>
	<date>2007-02-16 16:13:03.266 PST</date>
	<endDate>2007-02-16 16:13:03.266 PST</endDate>
	<originId>originId</originId>
	<structureKind>structureKind</structureKind>
	<structureHandle>11111111111111111</structureHandle>
	<navigation>navigatedRelation</navigation>
	<delta>delta</delta>
	<interestContribution>2.0</interestContribution>
</interactionEvent>
<interactionEvent>
	<kind>selection</kind>
	<date>2007-02-16 16:13:03.266 PST</date>
	<endDate>2007-02-16 16:13:03.266 PST</endDate>
	<originId>originId</originId>
	<structureKind>structureKind</structureKind>
	<structureHandle>111111111111111111</structureHandle>
	<navigation>navigatedRelation</navigation>
	<delta>delta</delta>
	<interestContribution>2.0</interestContribution>
</interactionEvent>
<interactionEvent>
	<kind>selection</kind>
	<date>2007-02-16 16:13:03.266 PST</date>
	<endDate>2007-02-16 16:13:03.266 PST</endDate>
	<originId>originId</originId>
	<structureKind>structureKind</structureKind>
	<structureHandle>1111111111111111111</structureHandle>
	<navigation>navigatedRelation</navigation>
	<delta>delta</delta>
	<interestContribution>2.0</interestContribution>
</interactionEvent>
<interactionEvent>
	<kind>selection</kind>
	<date>2007-02-16 16:13:03.266 PST</date>
	<endDate>2007-02-16 16:13:03.266 PST</endDate>
	<originId>originId</originId>
	<structureKind>structureKind</structureKind>
	<structureHandle>11111111111111111111</structureHandle>
	<navigation>navigatedRelation</navigation>
	<delta>delta</delta>
	<interestContribution>2.0</interestContribution>
</interactionEvent>
<interactionEvent>
	<kind>selection</kind>
	<date>2007-02-16 16:13:03.268 PST</date>
	<endDate>2007-02-16 16:13:03.268 PST</endDate>
	<originId>originId</originId>
	<structureKind>structureKind</structureKind>
	<structureHandle>111111111111111111111</structureHandle>
	<navigation>navigatedRelation</navigation>
	<delta>delta</delta>
	<interestContribution>2.0</interestContribution>
</interactionEvent>
<interactionEvent>
	<kind>selection</kind>
	<date>2007-02-16 16:13:03.268 PST</date>
	<endDate>2007-02-16 16:13:03.268 PST</endDate>
	<originId>originId</originId>
	<structureKind>structureKind</structureKind>
	<structureHandle>1111111111111111111111</structureHandle>
	<navigation>navigatedRelation</navigation>
	<delta>delta</delta>
	<interestContribution>2.0</interestContribution>
</interactionEvent>
<interactionEvent>
	<kind>selection</kind>
	<date>2007-02-16 16:13:03.268 PST</date>
	<endDate>2007-02-16 16:13:03.268 PST</endDate>
	<originId>originId</originId>
	<structureKind>structureKind</structureKind>
	<structureHandle>11111111111111111111111</structureHandle>
	<navigation>navigatedRelation</navigation>
	<delta>delta</delta>
	<interestContribution>2.0</interestContribution>
</interactionEvent>
<interactionEvent>
	<kind>selection</kind>
	<date>2007-02-16 16:13:03.268 PST</date>
	<endDate>2007-02-16 16:13:03.268 PST</endDate>
	<originId>originId</originId>
	<structureKind>structureKind</structureKind>
	<structureHandle>111111111111111111111111</structureHandle>
	<navigation>navigatedRelation</navigation>
	<delta>delta</delta>
	<interestContribution>2.0</interestContribution>
</interactionEvent>
<interactionEvent>
	<kind>selection</kind>
	<date>2007-02-16 16:13:03.269 PST</date>
	<endDate>2007-02-16 16:13:03.269 PST</endDate>
	<originId>originId</originId>
	<structureKind>structureKind</structureKind>
	<structureHandle>1111111111111111111111111</structureHandle>
	<navigation>navigatedRelation</navigation>
	<delta>delta</delta>
	<interestContribution>2.0</interestContribution>
</interactionEvent>
<interactionEvent>
	<kind>selection</kind>
	<date>2007-02-16 16:13:03.269 PST</date>
	<endDate>2007-02-16 16:13:03.269 PST</endDate>
	<originId>originId</originId>
	<structureKind>structureKind</structureKind>
	<structureHandle>11111111111111111111111111</structureHandle>
	<navigation>navigatedRelation</navigation>
	<delta>delta</delta>
	<interestContribution>2.0</interestContribution>
</interactionEvent>
<interactionEvent>
	<kind>selection</kind>
	<date>2007-02-16 16:13:03.269 PST</date>
	<endDate>2007-02-16 16:13:03.269 PST</endDate>
	<originId>originId</originId>
	<structureKind>structureKind</structureKind>
	<structureHandle>111111111111111111111111111</structureHandle>
	<navigation>navigatedRelation</navigation>
	<delta>delta</delta>
	<interestContribution>2.0</interestContribution>
</interactionEvent>
<interactionEvent>
	<kind>selection</kind>
	<date>2007-02-16 16:13:03.271 PST</date>
	<endDate>2007-02-16 16:13:03.271 PST</endDate>
	<originId>originId</originId>
	<structureKind>structureKind</structureKind>
	<structureHandle>1111111111111111111111111111</structureHandle>
	<navigation>navigatedRelation</navigation>
	<delta>delta</delta>
	<interestContribution>2.0</interestContribution>
</interactionEvent>
<interactionEvent>
	<kind>selection</kind>
	<date>2007-02-16 16:13:03.271 PST</date>
	<endDate>2007-02-16 16:13:03.271 PST</endDate>
	<originId>originId</originId>
	<structureKind>structureKind</structureKind>
	<structureHandle>11111111111111111111111111111</structureHandle>
	<navigation>navigatedRelation</navigation>
	<delta>delta</delta>
	<interestContribution>2.0</interestContribution>
</interactionEvent>
<interactionEvent>
	<kind>selection</kind>
	<date>2007-02-16 16:13:03.271 PST</date>
	<endDate>2007-02-16 16:13:03.271 PST</endDate>
	<originId>originId</originId>
	<structureKind>structureKind</structureKind>
	<structureHandle>111111111111111111111111111111</structureHandle>
	<navigation>navigatedRelation</navigation>
	<delta>delta</delta>
	<interestContribution>2.0</interestContribution>
</interactionEvent>
<interactionEvent>
	<kind>selection</kind>
	<date>2007-02-16 16:13:03.271 PST</date>
	<endDate>2007-02-16 16:13:03.271 PST</endDate>
	<originId>originId</originId>
	<structureKind>structureKind</structureKind>
	<structureHandle>1111111111111111111111111111111</structureHandle>
	<navigation>navigatedRelation</navigation>
	<delta>delta</delta>
	<interestContribution>2.0</interestContribution>
</interactionEvent>
<interactionEvent>
	<kind>selection</kind>
	<date>2007-02-16 16:13:03.271 PST</date>
	<endDate>2007-02-16 16:13:03.271 PST</endDate>
	<originId>originId</originId>
	<structureKind>structureKind</structureKind>
	<structureHandle>11111111111111111111111111111111</structureHandle>
	<navigation>navigatedRelation</navigation>
	<delta>delta</delta>
	<interestContribution>2.0</interestContribution>
</interactionEvent>
<interactionEvent>
	<kind>selection</kind>
	<date>2007-02-16 16:13:03.271 PST</date>
	<endDate>2007-02-16 16:13:03.271 PST</endDate>
	<originId>originId</originId>
	<structureKind>structureKind</structureKind>
	<structureHandle>111111111111111111111111111111111</structureHandle>
	<navigation>navigatedRelation</navigation>
	<delta>delta</delta>
	<interestContribution>2.0</interestContribution>
</interactionEvent>
<interactionEvent>
	<kind>selection</kind>
	<date>2007-02-16 16:13:03.272 PST</date>
	<endDate>2007-02-16 16:13:03.272 PST</endDate>
	<originId>originId</originId>
	<structureKind>structureKind</structureKind>
	<structureHandle>1111111111111111111111111111111111</structureHandle>
	<navigation>navigatedRelation</navigation>
	<delta>delta</delta>
	<interestContribution>2.0</interestContribution>
</interactionEvent>
<interactionEvent>
	<kind>selection</kind>
	<date>2007-02-16 16:13:03.272 PST</date>
	<endDate>2007-02-16 16:13:03.272 PST</endDate>
	<originId>originId</originId>
	<structureKind>structureKind</structureKind>
	<structureHandle>11111111111111111111111111111111111</structureHandle>
	<navigation>navigatedRelation</navigation>
	<delta>delta</delta>
	<interestContribution>2.0</interestContribution>
</interactionEvent>
<interactionEvent>
	<kind>selection</kind>
	<date>2007-02-16 16:13:03.272 PST</date>
	<endDate>2007-02-16 16:13:03.272 PST</endDate>
	<originId>originId</originId>
	<structureKind>structureKind</structureKind>
	<structureHandle>111111111111111111111111111111111111</structureHandle>
	<navigation>navigatedRelation</navigation>
	<delta>delta</delta>
	<interestContribution>2.0</interestContribution>
</interactionEvent>
<interactionEvent>
	<kind>selection</kind>
	<date>2007-02-16 16:13:03.272 PST</date>
	<endDate>2007-02-16 16:13:03.272 PST</endDate>
	<originId>originId</originId>
	<structureKind>structureKind</structureKind>
	<structureHandle>1111111111111111111111111111111111111</structureHandle>
	<navigation>navigatedRelation</navigation>
	<delta>delta</delta>
	<interestContribution>2.0</interestContribution>
</interactionEvent>
<interactionEvent>
	<kind>selection</kind>
	<date>2007-02-16 16:13:03.272 PST</date>
	<endDate>2007-02-16 16:13:03.272 PST</endDate>
	<originId>originId</originId>
	<structureKind>structureKind</structureKind>
	<structureHandle>11111111111111111111111111111111111111</structureHandle>
	<navigation>navigatedRelation</navigation>
	<delta>delta</delta>
	<interestContribution>2.0</interestContribution>
</interactionEvent>
<interactionEvent>
	<kind>selection</kind>
	<date>2007-02-16 16:13:03.272 PST</date>
	<endDate>2007-02-16 16:13:03.272 PST</endDate>
	<originId>originId</originId>
	<structureKind>structureKind</structureKind>
	<structureHandle>111111111111111111111111111111111111111</structureHandle>
	<navigation>navigatedRelation</navigation>
	<delta>delta</delta>
	<interestContribution>2.0</interestContribution>
</interactionEvent>
<interactionEvent>
	<kind>selection</kind>
	<date>2007-02-16 16:13:03.272 PST</date>
	<endDate>2007-02-16 16:13:03.272 PST</endDate>
	<originId>originId</originId>
	<structureKind>structureKind</structureKind>
	<structureHandle>1111111111111111111111111111111111111111</structureHandle>
	<navigation>navigatedRelation</navigation>
	<delta>delta</delta>
	<interestContribution>2.0</interestContribution>
</interactionEvent>
<interactionEvent>
	<kind>selection</kind>
	<date>2007-02-16 16:13:03.273 PST</date>
	<endDate>2007-02-16 16:13:03.273 PST</endDate>
	<originId>originId</originId>
	<structureKind>structureKind</structureKind>
	<structureHandle>11111111111111111111111111111111111111111</structureHandle>
	<navigation>navigatedRelation</navigation>
	<delta>delta</delta>
	<interestContribution>2.0</interestContribution>
</interactionEvent>
<interactionEvent>
	<kind>selection</kind>
	<date>2007-02-16 16:13:03.273 PST</date>
	<endDate>2007-02-16 16:13:03.273 PST</endDate>
	<originId>originId</originId>
	<structureKind>structureKind</structureKind>
	<structureHandle>111111111111111111111111111111111111111111</structureHandle>
	<navigation>navigatedRelation</navigation>
	<delta>delta</delta>
	<interestContribution>2.0</interestContribution>
</interactionEvent>
<interactionEvent>
	<kind>selection</kind>
	<date>2007-02-16 16:13:03.274 PST</date>
	<endDate>2007-02-16 16:13:03.274 PST</endDate>
	<originId>originId</originId>
	<structureKind>structureKind</structureKind>
	<structureHandle>1111111111111111111111111111111111111111111</structureHandle>
	<navigation>navigatedRelation</navigation>
	<delta>delta</delta>
	<interestContribution>2.0</interestContribution>
</interactionEvent>
<interactionEvent>
	<kind>selection</kind>
	<date>2007-02-16 16:13:03.274 PST</date>
	<endDate>2007-02-16 16:13:03.274 PST</endDate>
	<originId>originId</originId>
	<structureKind>structureKind</structureKind>
	<structureHandle>11111111111111111111111111111111111111111111</structureHandle>
	<navigation>navigatedRelation</navigation>
	<delta>delta</delta>
	<interestContribution>2.0</interestContribution>
</interactionEvent>
<interactionEvent>
	<kind>selection</kind>
	<date>2007-02-16 16:13:03.274 PST</date>
	<endDate>2007-02-16 16:13:03.274 PST</endDate>
	<originId>originId</originId>
	<structureKind>structureKind</structureKind>
	<structureHandle>111111111111111111111111111111111111111111111</structureHandle>
	<navigation>navigatedRelation</navigation>
	<delta>delta</delta>
	<interestContribution>2.0</interestContribution>
</interactionEvent>
<interactionEvent>
	<kind>selection</kind>
	<date>2007-02-16 16:13:03.274 PST</date>
	<endDate>2007-02-16 16:13:03.274 PST</endDate>
	<originId>originId</originId>
	<structureKind>structureKind</structureKind>
	<structureHandle>1111111111111111111111111111111111111111111111</structureHandle>
	<navigation>navigatedRelation</navigation>
	<delta>delta</delta>
	<interestContribution>2.0</interestContribution>
</interactionEvent>
<interactionEvent>
	<kind>selection</kind>
	<date>2007-02-16 16:13:03.275 PST</date>
	<endDate>2007-02-16 16:13:03.275 PST</endDate>
	<originId>originId</originId>
	<structureKind>structureKind</structureKind>
	<structureHandle>11111111111111111111111111111111111111111111111</structureHandle>
	<navigation>navigatedRelation</navigation>
	<delta>delta</delta>
	<interestContribution>2.0</interestContribution>
</interactionEvent>
<interactionEvent>
	<kind>selection</kind>
	<date>2007-02-16 16:13:03.275 PST</date>
	<endDate>2007-02-16 16:13:03.275 PST</endDate>
	<originId>originId</originId>
	<structureKind>structureKind</structureKind>
	<structureHandle>111111111111111111111111111111111111111111111111</structureHandle>
	<navigation>navigatedRelation</navigation>
	<delta>delta</delta>
	<interestContribution>2.0</interestContribution>
</interactionEvent>
<interactionEvent>
	<kind>selection</kind>
	<date>2007-02-16 16:13:03.275 PST</date>
	<endDate>2007-02-16 16:13:03.275 PST</endDate>
	<originId>originId</originId>
	<structureKind>structureKind</structureKind>
	<structureHandle>1111111111111111111111111111111111111111111111111</structureHandle>
	<navigation>navigatedRelation</navigation>
	<delta>delta</delta>
	<interestContribution>2.0</interestContribution>
</interactionEvent>
<interactionEvent>
	<kind>selection</kind>
	<date>2007-02-16 16:13:03.275 PST</date>
	<endDate>2007-02-16 16:13:03.275 PST</endDate>
	<originId>originId</originId>
	<structureKind>structureKind</structureKind>
	<structureHandle>11111111111111111111111111111111111111111111111111</structureHandle>
	<navigation>navigatedRelation</navigation>
	<delta>delta</delta>
	<interestContribution>2.0</interestContribution>
</interactionEvent>
<interactionEvent>
	<kind>selection</kind>
	<date>2007-02-16 16:13:03.276 PST</date>
	<endDate>2007-02-16 16:13:03.276 PST</endDate>
	<originId>originId</originId>
	<structureKind>structureKind</structureKind>
	<structureHandle>111111111111111111111111111111111111111111111111111</structureHandle>
	<navigation>navigatedRelation</navigation>
	<delta>delta</delta>
	<interestContribution>2.0</interestContribution>
</interactionEvent>
<interactionEvent>
	<kind>selection</kind>
	<date>2007-02-16 16:13:03.276 PST</date>
	<endDate>2007-02-16 16:13:03.276 PST</endDate>
	<originId>originId</originId>
	<structureKind>structureKind</structureKind>
	<structureHandle>1111111111111111111111111111111111111111111111111111</structureHandle>
	<navigation>navigatedRelation</navigation>
	<delta>delta</delta>
	<interestContribution>2.0</interestContribution>
</interactionEvent>
<interactionEvent>
	<kind>selection</kind>
	<date>2007-02-16 16:13:03.276 PST</date>
	<endDate>2007-02-16 16:13:03.276 PST</endDate>
	<originId>originId</originId>
	<structureKind>structureKind</structureKind>
	<structureHandle>11111111111111111111111111111111111111111111111111111</structureHandle>
	<navigation>navigatedRelation</navigation>
	<delta>delta</delta>
	<interestContribution>2.0</interestContribution>
</interactionEvent>
<interactionEvent>
	<kind>selection</kind>
	<date>2007-02-16 16:13:03.276 PST</date>
	<endDate>2007-02-16 16:13:03.276 PST</endDate>
	<originId>originId</originId>
	<structureKind>structureKind</structureKind>
	<structureHandle>111111111111111111111111111111111111111111111111111111</structureHandle>
	<navigation>navigatedRelation</navigation>
	<delta>delta</delta>
	<interestContribution>2.0</interestContribution>
</interactionEvent>
<interactionEvent>
	<kind>selection</kind>
	<date>2007-02-16 16:13:03.277 PST</date>
	<endDate>2007-02-16 16:13:03.277 PST</endDate>
	<originId>originId</originId>
	<structureKind>structureKind</structureKind>
	<structureHandle>1111111111111111111111111111111111111111111111111111111</structureHandle>
	<navigation>navigatedRelation</navigation>
	<delta>delta</delta>
	<interestContribution>2.0</interestContribution>
</interactionEvent>
<interactionEvent>
	<kind>selection</kind>
	<date>2007-02-16 16:13:03.277 PST</date>
	<endDate>2007-02-16 16:13:03.277 PST</endDate>
	<originId>originId</originId>
	<structureKind>structureKind</structureKind>
	<structureHandle>11111111111111111111111111111111111111111111111111111111</structureHandle>
	<navigation>navigatedRelation</navigation>
	<delta>delta</delta>
	<interestContribution>2.0</interestContribution>
</interactionEvent>
<interactionEvent>
	<kind>selection</kind>
	<date>2007-02-16 16:13:03.277 PST</date>
	<endDate>2007-02-16 16:13:03.277 PST</endDate>
	<originId>originId</originId>
	<structureKind>structureKind</structureKind>
	<structureHandle>111111111111111111111111111111111111111111111111111111111</structureHandle>
	<navigation>navigatedRelation</navigation>
	<delta>delta</delta>
	<interestContribution>2.0</interestContribution>
</interactionEvent>
<interactionEvent>
	<kind>selection</kind>
	<date>2007-02-16 16:13:03.277 PST</date>
	<endDate>2007-02-16 16:13:03.277 PST</endDate>
	<originId>originId</originId>
	<structureKind>structureKind</structureKind>
	<structureHandle>1111111111111111111111111111111111111111111111111111111111</structureHandle>
	<navigation>navigatedRelation</navigation>
	<delta>delta</delta>
	<interestContribution>2.0</interestContribution>
</interactionEvent>
<interactionEvent>
	<kind>selection</kind>
	<date>2007-02-16 16:13:03.277 PST</date>
	<endDate>2007-02-16 16:13:03.277 PST</endDate>
	<originId>originId</originId>
	<structureKind>structureKind</structureKind>
	<structureHandle>11111111111111111111111111111111111111111111111111111111111</structureHandle>
	<navigation>navigatedRelation</navigation>
	<delta>delta</delta>
	<interestContribution>2.0</interestContribution>
</interactionEvent>
<interactionEvent>
	<kind>selection</kind>
	<date>2007-02-16 16:13:03.277 PST</date>
	<endDate>2007-02-16 16:13:03.277 PST</endDate>
	<originId>originId</originId>
	<structureKind>structureKind</structureKind>
	<structureHandle>111111111111111111111111111111111111111111111111111111111111</structureHandle>
	<navigation>navigatedRelation</navigation>
	<delta>delta</delta>
	<interestContribution>2.0</interestContribution>
</interactionEvent>
<interactionEvent>
	<kind>selection</kind>
	<date>2007-02-16 16:13:03.277 PST</date>
	<endDate>2007-02-16 16:13:03.277 PST</endDate>
	<originId>originId</originId>
	<structureKind>structureKind</structureKind>
	<structureHandle>1111111111111111111111111111111111111111111111111111111111111</structureHandle>
	<navigation>navigatedRelation</navigation>
	<delta>delta</delta>
	<interestContribution>2.0</interestContribution>
</interactionEvent>
<interactionEvent>
	<kind>selection</kind>
	<date>2007-02-16 16:13:03.278 PST</date>
	<endDate>2007-02-16 16:13:03.278 PST</endDate>
	<originId>originId</originId>
	<structureKind>structureKind</structureKind>
	<structureHandle>11111111111111111111111111111111111111111111111111111111111111</structureHandle>
	<navigation>navigatedRelation</navigation>
	<delta>delta</delta>
	<interestContribution>2.0</interestContribution>
</interactionEvent>
<interactionEvent>
	<kind>selection</kind>
	<date>2007-02-16 16:13:03.278 PST</date>
	<endDate>2007-02-16 16:13:03.278 PST</endDate>
	<originId>originId</originId>
	<structureKind>structureKind</structureKind>
	<structureHandle>111111111111111111111111111111111111111111111111111111111111111</structureHandle>
	<navigation>navigatedRelation</navigation>
	<delta>delta</delta>
	<interestContribution>2.0</interestContribution>
</interactionEvent>
<interactionEvent>
	<kind>selection</kind>
	<date>2007-02-16 16:13:03.278 PST</date>
	<endDate>2007-02-16 16:13:03.278 PST</endDate>
	<originId>originId</originId>
	<structureKind>structureKind</structureKind>
	<structureHandle>1111111111111111111111111111111111111111111111111111111111111111</structureHandle>
	<navigation>navigatedRelation</navigation>
	<delta>delta</delta>
	<interestContribution>2.0</interestContribution>
</interactionEvent>
<interactionEvent>
	<kind>selection</kind>
	<date>2007-02-16 16:13:03.278 PST</date>
	<endDate>2007-02-16 16:13:03.278 PST</endDate>
	<originId>originId</originId>
	<structureKind>structureKind</structureKind>
	<structureHandle>11111111111111111111111111111111111111111111111111111111111111111</structureHandle>
	<navigation>navigatedRelation</navigation>
	<delta>delta</delta>
	<interestContribution>2.0</interestContribution>
</interactionEvent>
<interactionEvent>
	<kind>selection</kind>
	<date>2007-02-16 16:13:03.278 PST</date>
	<endDate>2007-02-16 16:13:03.278 PST</endDate>
	<originId>originId</originId>
	<structureKind>structureKind</structureKind>
	<structureHandle>111111111111111111111111111111111111111111111111111111111111111111</structureHandle>
	<navigation>navigatedRelation</navigation>
	<delta>delta</delta>
	<interestContribution>2.0</interestContribution>
</interactionEvent>
<interactionEvent>
	<kind>selection</kind>
	<date>2007-02-16 16:13:03.278 PST</date>
	<endDate>2007-02-16 16:13:03.278 PST</endDate>
	<originId>originId</originId>
	<structureKind>structureKind</structureKind>
	<structureHandle>1111111111111111111111111111111111111111111111111111111111111111111</structureHandle>
	<navigation>navigatedRelation</navigation>
	<delta>delta</delta>
	<interestContribution>2.0</interestContribution>
</interactionEvent>
<interactionEvent>
	<kind>selection</kind>
	<date>2007-02-16 16:13:03.278 PST</date>
	<endDate>2007-02-16 16:13:03.278 PST</endDate>
	<originId>originId</originId>
	<structureKind>structureKind</structureKind>
	<structureHandle>11111111111111111111111111111111111111111111111111111111111111111111</structureHandle>
	<navigation>navigatedRelation</navigation>
	<delta>delta</delta>
	<interestContribution>2.0</interestContribution>
</interactionEvent>
<interactionEvent>
	<kind>selection</kind>
	<date>2007-02-16 16:13:03.278 PST</date>
	<endDate>2007-02-16 16:13:03.278 PST</endDate>
	<originId>originId</originId>
	<structureKind>structureKind</structureKind>
	<structureHandle>111111111111111111111111111111111111111111111111111111111111111111111</structureHandle>
	<navigation>navigatedRelation</navigation>
	<delta>delta</delta>
	<interestContribution>2.0</interestContribution>
</interactionEvent>
<interactionEvent>
	<kind>selection</kind>
	<date>2007-02-16 16:13:03.279 PST</date>
	<endDate>2007-02-16 16:13:03.279 PST</endDate>
	<originId>originId</originId>
	<structureKind>structureKind</structureKind>
	<structureHandle>1111111111111111111111111111111111111111111111111111111111111111111111</structureHandle>
	<navigation>navigatedRelation</navigation>
	<delta>delta</delta>
	<interestContribution>2.0</interestContribution>
</interactionEvent>
<interactionEvent>
	<kind>selection</kind>
	<date>2007-02-16 16:13:03.279 PST</date>
	<endDate>2007-02-16 16:13:03.279 PST</endDate>
	<originId>originId</originId>
	<structureKind>structureKind</structureKind>
	<structureHandle>11111111111111111111111111111111111111111111111111111111111111111111111</structureHandle>
	<navigation>navigatedRelation</navigation>
	<delta>delta</delta>
	<interestContribution>2.0</interestContribution>
</interactionEvent>
<interactionEvent>
	<kind>selection</kind>
	<date>2007-02-16 16:13:03.279 PST</date>
	<endDate>2007-02-16 16:13:03.279 PST</endDate>
	<originId>originId</originId>
	<structureKind>structureKind</structureKind>
	<structureHandle>111111111111111111111111111111111111111111111111111111111111111111111111</structureHandle>
	<navigation>navigatedRelation</navigation>
	<delta>delta</delta>
	<interestContribution>2.0</interestContribution>
</interactionEvent>
<interactionEvent>
	<kind>selection</kind>
	<date>2007-02-16 16:13:03.279 PST</date>
	<endDate>2007-02-16 16:13:03.279 PST</endDate>
	<originId>originId</originId>
	<structureKind>structureKind</structureKind>
	<structureHandle>1111111111111111111111111111111111111111111111111111111111111111111111111</structureHandle>
	<navigation>navigatedRelation</navigation>
	<delta>delta</delta>
	<interestContribution>2.0</interestContribution>
</interactionEvent>
<interactionEvent>
	<kind>selection</kind>
	<date>2007-02-16 16:13:03.279 PST</date>
	<endDate>2007-02-16 16:13:03.279 PST</endDate>
	<originId>originId</originId>
	<structureKind>structureKind</structureKind>
	<structureHandle>11111111111111111111111111111111111111111111111111111111111111111111111111</structureHandle>
	<navigation>navigatedRelation</navigation>
	<delta>delta</delta>
	<interestContribution>2.0</interestContribution>
</interactionEvent>
<interactionEvent>
	<kind>selection</kind>
	<date>2007-02-16 16:13:03.279 PST</date>
	<endDate>2007-02-16 16:13:03.279 PST</endDate>
	<originId>originId</originId>
	<structureKind>structureKind</structureKind>
	<structureHandle>111111111111111111111111111111111111111111111111111111111111111111111111111</structureHandle>
	<navigation>navigatedRelation</navigation>
	<delta>delta</delta>
	<interestContribution>2.0</interestContribution>
</interactionEvent>
<interactionEvent>
	<kind>selection</kind>
	<date>2007-02-16 16:13:03.279 PST</date>
	<endDate>2007-02-16 16:13:03.279 PST</endDate>
	<originId>originId</originId>
	<structureKind>structureKind</structureKind>
	<structureHandle>1111111111111111111111111111111111111111111111111111111111111111111111111111</structureHandle>
	<navigation>navigatedRelation</navigation>
	<delta>delta</delta>
	<interestContribution>2.0</interestContribution>
</interactionEvent>
<interactionEvent>
	<kind>selection</kind>
	<date>2007-02-16 16:13:03.279 PST</date>
	<endDate>2007-02-16 16:13:03.279 PST</endDate>
	<originId>originId</originId>
	<structureKind>structureKind</structureKind>
	<structureHandle>11111111111111111111111111111111111111111111111111111111111111111111111111111</structureHandle>
	<navigation>navigatedRelation</navigation>
	<delta>delta</delta>
	<interestContribution>2.0</interestContribution>
</interactionEvent>
<interactionEvent>
	<kind>selection</kind>
	<date>2007-02-16 16:13:03.280 PST</date>
	<endDate>2007-02-16 16:13:03.280 PST</endDate>
	<originId>originId</originId>
	<structureKind>structureKind</structureKind>
	<structureHandle>111111111111111111111111111111111111111111111111111111111111111111111111111111</structureHandle>
	<navigation>navigatedRelation</navigation>
	<delta>delta</delta>
	<interestContribution>2.0</interestContribution>
</interactionEvent>
<interactionEvent>
	<kind>selection</kind>
	<date>2007-02-16 16:13:03.280 PST</date>
	<endDate>2007-02-16 16:13:03.280 PST</endDate>
	<originId>originId</originId>
	<structureKind>structureKind</structureKind>
	<structureHandle>1111111111111111111111111111111111111111111111111111111111111111111111111111111</structureHandle>
	<navigation>navigatedRelation</navigation>
	<delta>delta</delta>
	<interestContribution>2.0</interestContribution>
</interactionEvent>
<interactionEvent>
	<kind>selection</kind>
	<date>2007-02-16 16:13:03.280 PST</date>
	<endDate>2007-02-16 16:13:03.280 PST</endDate>
	<originId>originId</originId>
	<structureKind>structureKind</structureKind>
	<structureHandle>11111111111111111111111111111111111111111111111111111111111111111111111111111111</structureHandle>
	<navigation>navigatedRelation</navigation>
	<delta>delta</delta>
	<interestContribution>2.0</interestContribution>
</interactionEvent>
<interactionEvent>
	<kind>selection</kind>
	<date>2007-02-16 16:13:03.280 PST</date>
	<endDate>2007-02-16 16:13:03.280 PST</endDate>
	<originId>originId</originId>
	<structureKind>structureKind</structureKind>
	<structureHandle>111111111111111111111111111111111111111111111111111111111111111111111111111111111</structureHandle>
	<navigation>navigatedRelation</navigation>
	<delta>delta</delta>
	<interestContribution>2.0</interestContribution>
</interactionEvent>
<interactionEvent>
	<kind>selection</kind>
	<date>2007-02-16 16:13:03.280 PST</date>
	<endDate>2007-02-16 16:13:03.280 PST</endDate>
	<originId>originId</originId>
	<structureKind>structureKind</structureKind>
	<structureHandle>1111111111111111111111111111111111111111111111111111111111111111111111111111111111</structureHandle>
	<navigation>navigatedRelation</navigation>
	<delta>delta</delta>
	<interestContribution>2.0</interestContribution>
</interactionEvent>
<interactionEvent>
	<kind>selection</kind>
	<date>2007-02-16 16:13:03.280 PST</date>
	<endDate>2007-02-16 16:13:03.280 PST</endDate>
	<originId>originId</originId>
	<structureKind>structureKind</structureKind>
	<structureHandle>11111111111111111111111111111111111111111111111111111111111111111111111111111111111</structureHandle>
	<navigation>navigatedRelation</navigation>
	<delta>delta</delta>
	<interestContribution>2.0</interestContribution>
</interactionEvent>
<interactionEvent>
	<kind>selection</kind>
	<date>2007-02-16 16:13:03.280 PST</date>
	<endDate>2007-02-16 16:13:03.280 PST</endDate>
	<originId>originId</originId>
	<structureKind>structureKind</structureKind>
	<structureHandle>111111111111111111111111111111111111111111111111111111111111111111111111111111111111</structureHandle>
	<navigation>navigatedRelation</navigation>
	<delta>delta</delta>
	<interestContribution>2.0</interestContribution>
</interactionEvent>
<interactionEvent>
	<kind>selection</kind>
	<date>2007-02-16 16:13:03.281 PST</date>
	<endDate>2007-02-16 16:13:03.281 PST</endDate>
	<originId>originId</originId>
	<structureKind>structureKind</structureKind>
	<structureHandle>1111111111111111111111111111111111111111111111111111111111111111111111111111111111111</structureHandle>
	<navigation>navigatedRelation</navigation>
	<delta>delta</delta>
	<interestContribution>2.0</interestContribution>
</interactionEvent>
<interactionEvent>
	<kind>selection</kind>
	<date>2007-02-16 16:13:03.281 PST</date>
	<endDate>2007-02-16 16:13:03.281 PST</endDate>
	<originId>originId</originId>
	<structureKind>structureKind</structureKind>
	<structureHandle>11111111111111111111111111111111111111111111111111111111111111111111111111111111111111</structureHandle>
	<navigation>navigatedRelation</navigation>
	<delta>delta</delta>
	<interestContribution>2.0</interestContribution>
</interactionEvent>
<interactionEvent>
	<kind>selection</kind>
	<date>2007-02-16 16:13:03.281 PST</date>
	<endDate>2007-02-16 16:13:03.281 PST</endDate>
	<originId>originId</originId>
	<structureKind>structureKind</structureKind>
	<structureHandle>111111111111111111111111111111111111111111111111111111111111111111111111111111111111111</structureHandle>
	<navigation>navigatedRelation</navigation>
	<delta>delta</delta>
	<interestContribution>2.0</interestContribution>
</interactionEvent>
<interactionEvent>
	<kind>selection</kind>
	<date>2007-02-16 16:13:03.281 PST</date>
	<endDate>2007-02-16 16:13:03.281 PST</endDate>
	<originId>originId</originId>
	<structureKind>structureKind</structureKind>
	<structureHandle>1111111111111111111111111111111111111111111111111111111111111111111111111111111111111111</structureHandle>
	<navigation>navigatedRelation</navigation>
	<delta>delta</delta>
	<interestContribution>2.0</interestContribution>
</interactionEvent>
<interactionEvent>
	<kind>selection</kind>
	<date>2007-02-16 16:13:03.281 PST</date>
	<endDate>2007-02-16 16:13:03.281 PST</endDate>
	<originId>originId</originId>
	<structureKind>structureKind</structureKind>
	<structureHandle>11111111111111111111111111111111111111111111111111111111111111111111111111111111111111111</structureHandle>
	<navigation>navigatedRelation</navigation>
	<delta>delta</delta>
	<interestContribution>2.0</interestContribution>
</interactionEvent>
<interactionEvent>
	<kind>selection</kind>
	<date>2007-02-16 16:13:03.281 PST</date>
	<endDate>2007-02-16 16:13:03.281 PST</endDate>
	<originId>originId</originId>
	<structureKind>structureKind</structureKind>
	<structureHandle>111111111111111111111111111111111111111111111111111111111111111111111111111111111111111111</structureHandle>
	<navigation>navigatedRelation</navigation>
	<delta>delta</delta>
	<interestContribution>2.0</interestContribution>
</interactionEvent>
<interactionEvent>
	<kind>selection</kind>
	<date>2007-02-16 16:13:03.281 PST</date>
	<endDate>2007-02-16 16:13:03.281 PST</endDate>
	<originId>originId</originId>
	<structureKind>structureKind</structureKind>
	<structureHandle>1111111111111111111111111111111111111111111111111111111111111111111111111111111111111111111</structureHandle>
	<navigation>navigatedRelation</navigation>
	<delta>delta</delta>
	<interestContribution>2.0</interestContribution>
</interactionEvent>
<interactionEvent>
	<kind>selection</kind>
	<date>2007-02-16 16:13:03.281 PST</date>
	<endDate>2007-02-16 16:13:03.281 PST</endDate>
	<originId>originId</originId>
	<structureKind>structureKind</structureKind>
	<structureHandle>11111111111111111111111111111111111111111111111111111111111111111111111111111111111111111111</structureHandle>
	<navigation>navigatedRelation</navigation>
	<delta>delta</delta>
	<interestContribution>2.0</interestContribution>
</interactionEvent>
<interactionEvent>
	<kind>selection</kind>
	<date>2007-02-16 16:13:03.282 PST</date>
	<endDate>2007-02-16 16:13:03.282 PST</endDate>
	<originId>originId</originId>
	<structureKind>structureKind</structureKind>
	<structureHandle>111111111111111111111111111111111111111111111111111111111111111111111111111111111111111111111</structureHandle>
	<navigation>navigatedRelation</navigation>
	<delta>delta</delta>
	<interestContribution>2.0</interestContribution>
</interactionEvent>
<interactionEvent>
	<kind>selection</kind>
	<date>2007-02-16 16:13:03.282 PST</date>
	<endDate>2007-02-16 16:13:03.282 PST</endDate>
	<originId>originId</originId>
	<structureKind>structureKind</structureKind>
	<structureHandle>1111111111111111111111111111111111111111111111111111111111111111111111111111111111111111111111</structureHandle>
	<navigation>navigatedRelation</navigation>
	<delta>delta</delta>
	<interestContribution>2.0</interestContribution>
</interactionEvent>
<interactionEvent>
	<kind>selection</kind>
	<date>2007-02-16 16:13:03.282 PST</date>
	<endDate>2007-02-16 16:13:03.282 PST</endDate>
	<originId>originId</originId>
	<structureKind>structureKind</structureKind>
	<structureHandle>11111111111111111111111111111111111111111111111111111111111111111111111111111111111111111111111</structureHandle>
	<navigation>navigatedRelation</navigation>
	<delta>delta</delta>
	<interestContribution>2.0</interestContribution>
</interactionEvent>
<interactionEvent>
	<kind>selection</kind>
	<date>2007-02-16 16:13:03.282 PST</date>
	<endDate>2007-02-16 16:13:03.282 PST</endDate>
	<originId>originId</originId>
	<structureKind>structureKind</structureKind>
	<structureHandle>111111111111111111111111111111111111111111111111111111111111111111111111111111111111111111111111</structureHandle>
	<navigation>navigatedRelation</navigation>
	<delta>delta</delta>
	<interestContribution>2.0</interestContribution>
</interactionEvent>
<interactionEvent>
	<kind>selection</kind>
	<date>2007-02-16 16:13:03.282 PST</date>
	<endDate>2007-02-16 16:13:03.282 PST</endDate>
	<originId>originId</originId>
	<structureKind>structureKind</structureKind>
	<structureHandle>1111111111111111111111111111111111111111111111111111111111111111111111111111111111111111111111111</structureHandle>
	<navigation>navigatedRelation</navigation>
	<delta>delta</delta>
	<interestContribution>2.0</interestContribution>
</interactionEvent>
<interactionEvent>
	<kind>selection</kind>
	<date>2007-02-16 16:13:03.282 PST</date>
	<endDate>2007-02-16 16:13:03.282 PST</endDate>
	<originId>originId</originId>
	<structureKind>structureKind</structureKind>
	<structureHandle>11111111111111111111111111111111111111111111111111111111111111111111111111111111111111111111111111</structureHandle>
	<navigation>navigatedRelation</navigation>
	<delta>delta</delta>
	<interestContribution>2.0</interestContribution>
</interactionEvent>
<interactionEvent>
	<kind>selection</kind>
	<date>2007-02-16 16:13:03.282 PST</date>
	<endDate>2007-02-16 16:13:03.282 PST</endDate>
	<originId>originId</originId>
	<structureKind>structureKind</structureKind>
	<structureHandle>111111111111111111111111111111111111111111111111111111111111111111111111111111111111111111111111111</structureHandle>
	<navigation>navigatedRelation</navigation>
	<delta>delta</delta>
	<interestContribution>2.0</interestContribution>
</interactionEvent>
<interactionEvent>
	<kind>selection</kind>
	<date>2007-02-16 16:13:03.282 PST</date>
	<endDate>2007-02-16 16:13:03.282 PST</endDate>
	<originId>originId</originId>
	<structureKind>structureKind</structureKind>
	<structureHandle>1111111111111111111111111111111111111111111111111111111111111111111111111111111111111111111111111111</structureHandle>
	<navigation>navigatedRelation</navigation>
	<delta>delta</delta>
	<interestContribution>2.0</interestContribution>
</interactionEvent>
