<interactionEvent>
	<kind>selection</kind>
	<date>2007-06-06 01:10:26.752 GMT</date>
	<endDate>2007-06-06 01:10:26.752 GMT</endDate>
	<originId>originId</originId>
	<structureKind>structureKind</structureKind>
	<structureHandle>1</structureHandle>
	<navigation>navigatedRelation</navigation>
	<delta>delta</delta>
	<interestContribution>2.0</interestContribution>
</interactionEvent>
<interactionEvent>
	<kind>selection</kind>
	<date>2007-06-06 01:10:26.752 GMT</date>
	<endDate>2007-06-06 01:10:26.752 GMT</endDate>
	<originId>originId</originId>
	<structureKind>structureKind</structureKind>
	<structureHandle>11</structureHandle>
	<navigation>navigatedRelation</navigation>
	<delta>delta</delta>
	<interestContribution>2.0</interestContribution>
</interactionEvent>
<interactionEvent>
	<kind>selection</kind>
	<date>2007-06-06 01:10:26.752 GMT</date>
	<endDate>2007-06-06 01:10:26.752 GMT</endDate>
	<originId>originId</originId>
	<structureKind>structureKind</structureKind>
	<structureHandle>111</structureHandle>
	<navigation>navigatedRelation</navigation>
	<delta>delta</delta>
	<interestContribution>2.0</interestContribution>
</interactionEvent>
<interactionEvent>
	<kind>selection</kind>
	<date>2007-06-06 01:10:26.753 GMT</date>
	<endDate>2007-06-06 01:10:26.753 GMT</endDate>
	<originId>originId</originId>
	<structureKind>structureKind</structureKind>
	<structureHandle>1111</structureHandle>
	<navigation>navigatedRelation</navigation>
	<delta>delta</delta>
	<interestContribution>2.0</interestContribution>
</interactionEvent>
<interactionEvent>
	<kind>selection</kind>
	<date>2007-06-06 01:10:26.753 GMT</date>
	<endDate>2007-06-06 01:10:26.753 GMT</endDate>
	<originId>originId</originId>
	<structureKind>structureKind</structureKind>
	<structureHandle>11111</structureHandle>
	<navigation>navigatedRelation</navigation>
	<delta>delta</delta>
	<interestContribution>2.0</interestContribution>
</interactionEvent>
<interactionEvent>
	<kind>selection</kind>
	<date>2007-06-06 01:10:26.753 GMT</date>
	<endDate>2007-06-06 01:10:26.753 GMT</endDate>
	<originId>originId</originId>
	<structureKind>structureKind</structureKind>
	<structureHandle>111111</structureHandle>
	<navigation>navigatedRelation</navigation>
	<delta>delta</delta>
	<interestContribution>2.0</interestContribution>
</interactionEvent>
<interactionEvent>
	<kind>selection</kind>
	<date>2007-06-06 01:10:26.754 GMT</date>
	<endDate>2007-06-06 01:10:26.754 GMT</endDate>
	<originId>originId</originId>
	<structureKind>structureKind</structureKind>
	<structureHandle>1111111</structureHandle>
	<navigation>navigatedRelation</navigation>
	<delta>delta</delta>
	<interestContribution>2.0</interestContribution>
</interactionEvent>
<interactionEvent>
	<kind>selection</kind>
	<date>2007-06-06 01:10:26.754 GMT</date>
	<endDate>2007-06-06 01:10:26.754 GMT</endDate>
	<originId>originId</originId>
	<structureKind>structureKind</structureKind>
	<structureHandle>11111111</structureHandle>
	<navigation>navigatedRelation</navigation>
	<delta>delta</delta>
	<interestContribution>2.0</interestContribution>
</interactionEvent>
<interactionEvent>
	<kind>selection</kind>
	<date>2007-06-06 01:10:26.754 GMT</date>
	<endDate>2007-06-06 01:10:26.754 GMT</endDate>
	<originId>originId</originId>
	<structureKind>structureKind</structureKind>
	<structureHandle>111111111</structureHandle>
	<navigation>navigatedRelation</navigation>
	<delta>delta</delta>
	<interestContribution>2.0</interestContribution>
</interactionEvent>
<interactionEvent>
	<kind>selection</kind>
	<date>2007-06-06 01:10:26.754 GMT</date>
	<endDate>2007-06-06 01:10:26.754 GMT</endDate>
	<originId>originId</originId>
	<structureKind>structureKind</structureKind>
	<structureHandle>1111111111</structureHandle>
	<navigation>navigatedRelation</navigation>
	<delta>delta</delta>
	<interestContribution>2.0</interestContribution>
</interactionEvent>
<interactionEvent>
	<kind>selection</kind>
	<date>2007-06-06 01:10:26.755 GMT</date>
	<endDate>2007-06-06 01:10:26.755 GMT</endDate>
	<originId>originId</originId>
	<structureKind>structureKind</structureKind>
	<structureHandle>11111111111</structureHandle>
	<navigation>navigatedRelation</navigation>
	<delta>delta</delta>
	<interestContribution>2.0</interestContribution>
</interactionEvent>
<interactionEvent>
	<kind>selection</kind>
	<date>2007-06-06 01:10:26.755 GMT</date>
	<endDate>2007-06-06 01:10:26.755 GMT</endDate>
	<originId>originId</originId>
	<structureKind>structureKind</structureKind>
	<structureHandle>111111111111</structureHandle>
	<navigation>navigatedRelation</navigation>
	<delta>delta</delta>
	<interestContribution>2.0</interestContribution>
</interactionEvent>
<interactionEvent>
	<kind>selection</kind>
	<date>2007-06-06 01:10:26.755 GMT</date>
	<endDate>2007-06-06 01:10:26.755 GMT</endDate>
	<originId>originId</originId>
	<structureKind>structureKind</structureKind>
	<structureHandle>1111111111111</structureHandle>
	<navigation>navigatedRelation</navigation>
	<delta>delta</delta>
	<interestContribution>2.0</interestContribution>
</interactionEvent>
<interactionEvent>
	<kind>selection</kind>
	<date>2007-06-06 01:10:26.756 GMT</date>
	<endDate>2007-06-06 01:10:26.756 GMT</endDate>
	<originId>originId</originId>
	<structureKind>structureKind</structureKind>
	<structureHandle>11111111111111</structureHandle>
	<navigation>navigatedRelation</navigation>
	<delta>delta</delta>
	<interestContribution>2.0</interestContribution>
</interactionEvent>
<interactionEvent>
	<kind>selection</kind>
	<date>2007-06-06 01:10:26.756 GMT</date>
	<endDate>2007-06-06 01:10:26.756 GMT</endDate>
	<originId>originId</originId>
	<structureKind>structureKind</structureKind>
	<structureHandle>111111111111111</structureHandle>
	<navigation>navigatedRelation</navigation>
	<delta>delta</delta>
	<interestContribution>2.0</interestContribution>
</interactionEvent>
<interactionEvent>
	<kind>selection</kind>
	<date>2007-06-06 01:10:26.756 GMT</date>
	<endDate>2007-06-06 01:10:26.756 GMT</endDate>
	<originId>originId</originId>
	<structureKind>structureKind</structureKind>
	<structureHandle>1111111111111111</structureHandle>
	<navigation>navigatedRelation</navigation>
	<delta>delta</delta>
	<interestContribution>2.0</interestContribution>
</interactionEvent>
<interactionEvent>
	<kind>selection</kind>
	<date>2007-06-06 01:10:26.756 GMT</date>
	<endDate>2007-06-06 01:10:26.756 GMT</endDate>
	<originId>originId</originId>
	<structureKind>structureKind</structureKind>
	<structureHandle>11111111111111111</structureHandle>
	<navigation>navigatedRelation</navigation>
	<delta>delta</delta>
	<interestContribution>2.0</interestContribution>
</interactionEvent>
<interactionEvent>
	<kind>selection</kind>
	<date>2007-06-06 01:10:26.757 GMT</date>
	<endDate>2007-06-06 01:10:26.757 GMT</endDate>
	<originId>originId</originId>
	<structureKind>structureKind</structureKind>
	<structureHandle>111111111111111111</structureHandle>
	<navigation>navigatedRelation</navigation>
	<delta>delta</delta>
	<interestContribution>2.0</interestContribution>
</interactionEvent>
<interactionEvent>
	<kind>selection</kind>
	<date>2007-06-06 01:10:26.758 GMT</date>
	<endDate>2007-06-06 01:10:26.758 GMT</endDate>
	<originId>originId</originId>
	<structureKind>structureKind</structureKind>
	<structureHandle>1111111111111111111</structureHandle>
	<navigation>navigatedRelation</navigation>
	<delta>delta</delta>
	<interestContribution>2.0</interestContribution>
</interactionEvent>
<interactionEvent>
	<kind>selection</kind>
	<date>2007-06-06 01:10:26.759 GMT</date>
	<endDate>2007-06-06 01:10:26.759 GMT</endDate>
	<originId>originId</originId>
	<structureKind>structureKind</structureKind>
	<structureHandle>11111111111111111111</structureHandle>
	<navigation>navigatedRelation</navigation>
	<delta>delta</delta>
	<interestContribution>2.0</interestContribution>
</interactionEvent>
<interactionEvent>
	<kind>selection</kind>
	<date>2007-06-06 01:10:26.759 GMT</date>
	<endDate>2007-06-06 01:10:26.759 GMT</endDate>
	<originId>originId</originId>
	<structureKind>structureKind</structureKind>
	<structureHandle>111111111111111111111</structureHandle>
	<navigation>navigatedRelation</navigation>
	<delta>delta</delta>
	<interestContribution>2.0</interestContribution>
</interactionEvent>
<interactionEvent>
	<kind>selection</kind>
	<date>2007-06-06 01:10:26.759 GMT</date>
	<endDate>2007-06-06 01:10:26.759 GMT</endDate>
	<originId>originId</originId>
	<structureKind>structureKind</structureKind>
	<structureHandle>1111111111111111111111</structureHandle>
	<navigation>navigatedRelation</navigation>
	<delta>delta</delta>
	<interestContribution>2.0</interestContribution>
</interactionEvent>
<interactionEvent>
	<kind>selection</kind>
	<date>2007-06-06 01:10:26.760 GMT</date>
	<endDate>2007-06-06 01:10:26.760 GMT</endDate>
	<originId>originId</originId>
	<structureKind>structureKind</structureKind>
	<structureHandle>11111111111111111111111</structureHandle>
	<navigation>navigatedRelation</navigation>
	<delta>delta</delta>
	<interestContribution>2.0</interestContribution>
</interactionEvent>
<interactionEvent>
	<kind>selection</kind>
	<date>2007-06-06 01:10:26.760 GMT</date>
	<endDate>2007-06-06 01:10:26.760 GMT</endDate>
	<originId>originId</originId>
	<structureKind>structureKind</structureKind>
	<structureHandle>111111111111111111111111</structureHandle>
	<navigation>navigatedRelation</navigation>
	<delta>delta</delta>
	<interestContribution>2.0</interestContribution>
</interactionEvent>
<interactionEvent>
	<kind>selection</kind>
	<date>2007-06-06 01:10:26.760 GMT</date>
	<endDate>2007-06-06 01:10:26.760 GMT</endDate>
	<originId>originId</originId>
	<structureKind>structureKind</structureKind>
	<structureHandle>1111111111111111111111111</structureHandle>
	<navigation>navigatedRelation</navigation>
	<delta>delta</delta>
	<interestContribution>2.0</interestContribution>
</interactionEvent>
<interactionEvent>
	<kind>selection</kind>
	<date>2007-06-06 01:10:26.760 GMT</date>
	<endDate>2007-06-06 01:10:26.760 GMT</endDate>
	<originId>originId</originId>
	<structureKind>structureKind</structureKind>
	<structureHandle>11111111111111111111111111</structureHandle>
	<navigation>navigatedRelation</navigation>
	<delta>delta</delta>
	<interestContribution>2.0</interestContribution>
</interactionEvent>
<interactionEvent>
	<kind>selection</kind>
	<date>2007-06-06 01:10:26.761 GMT</date>
	<endDate>2007-06-06 01:10:26.761 GMT</endDate>
	<originId>originId</originId>
	<structureKind>structureKind</structureKind>
	<structureHandle>111111111111111111111111111</structureHandle>
	<navigation>navigatedRelation</navigation>
	<delta>delta</delta>
	<interestContribution>2.0</interestContribution>
</interactionEvent>
<interactionEvent>
	<kind>selection</kind>
	<date>2007-06-06 01:10:26.761 GMT</date>
	<endDate>2007-06-06 01:10:26.761 GMT</endDate>
	<originId>originId</originId>
	<structureKind>structureKind</structureKind>
	<structureHandle>1111111111111111111111111111</structureHandle>
	<navigation>navigatedRelation</navigation>
	<delta>delta</delta>
	<interestContribution>2.0</interestContribution>
</interactionEvent>
<interactionEvent>
	<kind>selection</kind>
	<date>2007-06-06 01:10:26.761 GMT</date>
	<endDate>2007-06-06 01:10:26.761 GMT</endDate>
	<originId>originId</originId>
	<structureKind>structureKind</structureKind>
	<structureHandle>11111111111111111111111111111</structureHandle>
	<navigation>navigatedRelation</navigation>
	<delta>delta</delta>
	<interestContribution>2.0</interestContribution>
</interactionEvent>
<interactionEvent>
	<kind>selection</kind>
	<date>2007-06-06 01:10:26.761 GMT</date>
	<endDate>2007-06-06 01:10:26.761 GMT</endDate>
	<originId>originId</originId>
	<structureKind>structureKind</structureKind>
	<structureHandle>111111111111111111111111111111</structureHandle>
	<navigation>navigatedRelation</navigation>
	<delta>delta</delta>
	<interestContribution>2.0</interestContribution>
</interactionEvent>
<interactionEvent>
	<kind>selection</kind>
	<date>2007-06-06 01:10:26.762 GMT</date>
	<endDate>2007-06-06 01:10:26.762 GMT</endDate>
	<originId>originId</originId>
	<structureKind>structureKind</structureKind>
	<structureHandle>1111111111111111111111111111111</structureHandle>
	<navigation>navigatedRelation</navigation>
	<delta>delta</delta>
	<interestContribution>2.0</interestContribution>
</interactionEvent>
<interactionEvent>
	<kind>selection</kind>
	<date>2007-06-06 01:10:26.762 GMT</date>
	<endDate>2007-06-06 01:10:26.762 GMT</endDate>
	<originId>originId</originId>
	<structureKind>structureKind</structureKind>
	<structureHandle>11111111111111111111111111111111</structureHandle>
	<navigation>navigatedRelation</navigation>
	<delta>delta</delta>
	<interestContribution>2.0</interestContribution>
</interactionEvent>
<interactionEvent>
	<kind>selection</kind>
	<date>2007-06-06 01:10:26.762 GMT</date>
	<endDate>2007-06-06 01:10:26.762 GMT</endDate>
	<originId>originId</originId>
	<structureKind>structureKind</structureKind>
	<structureHandle>111111111111111111111111111111111</structureHandle>
	<navigation>navigatedRelation</navigation>
	<delta>delta</delta>
	<interestContribution>2.0</interestContribution>
</interactionEvent>
<interactionEvent>
	<kind>selection</kind>
	<date>2007-06-06 01:10:26.762 GMT</date>
	<endDate>2007-06-06 01:10:26.762 GMT</endDate>
	<originId>originId</originId>
	<structureKind>structureKind</structureKind>
	<structureHandle>1111111111111111111111111111111111</structureHandle>
	<navigation>navigatedRelation</navigation>
	<delta>delta</delta>
	<interestContribution>2.0</interestContribution>
</interactionEvent>
<interactionEvent>
	<kind>selection</kind>
	<date>2007-06-06 01:10:26.763 GMT</date>
	<endDate>2007-06-06 01:10:26.763 GMT</endDate>
	<originId>originId</originId>
	<structureKind>structureKind</structureKind>
	<structureHandle>11111111111111111111111111111111111</structureHandle>
	<navigation>navigatedRelation</navigation>
	<delta>delta</delta>
	<interestContribution>2.0</interestContribution>
</interactionEvent>
<interactionEvent>
	<kind>selection</kind>
	<date>2007-06-06 01:10:26.765 GMT</date>
	<endDate>2007-06-06 01:10:26.765 GMT</endDate>
	<originId>originId</originId>
	<structureKind>structureKind</structureKind>
	<structureHandle>111111111111111111111111111111111111</structureHandle>
	<navigation>navigatedRelation</navigation>
	<delta>delta</delta>
	<interestContribution>2.0</interestContribution>
</interactionEvent>
<interactionEvent>
	<kind>selection</kind>
	<date>2007-06-06 01:10:26.765 GMT</date>
	<endDate>2007-06-06 01:10:26.765 GMT</endDate>
	<originId>originId</originId>
	<structureKind>structureKind</structureKind>
	<structureHandle>1111111111111111111111111111111111111</structureHandle>
	<navigation>navigatedRelation</navigation>
	<delta>delta</delta>
	<interestContribution>2.0</interestContribution>
</interactionEvent>
<interactionEvent>
	<kind>selection</kind>
	<date>2007-06-06 01:10:26.765 GMT</date>
	<endDate>2007-06-06 01:10:26.765 GMT</endDate>
	<originId>originId</originId>
	<structureKind>structureKind</structureKind>
	<structureHandle>11111111111111111111111111111111111111</structureHandle>
	<navigation>navigatedRelation</navigation>
	<delta>delta</delta>
	<interestContribution>2.0</interestContribution>
</interactionEvent>
<interactionEvent>
	<kind>selection</kind>
	<date>2007-06-06 01:10:26.766 GMT</date>
	<endDate>2007-06-06 01:10:26.766 GMT</endDate>
	<originId>originId</originId>
	<structureKind>structureKind</structureKind>
	<structureHandle>111111111111111111111111111111111111111</structureHandle>
	<navigation>navigatedRelation</navigation>
	<delta>delta</delta>
	<interestContribution>2.0</interestContribution>
</interactionEvent>
<interactionEvent>
	<kind>selection</kind>
	<date>2007-06-06 01:10:26.766 GMT</date>
	<endDate>2007-06-06 01:10:26.766 GMT</endDate>
	<originId>originId</originId>
	<structureKind>structureKind</structureKind>
	<structureHandle>1111111111111111111111111111111111111111</structureHandle>
	<navigation>navigatedRelation</navigation>
	<delta>delta</delta>
	<interestContribution>2.0</interestContribution>
</interactionEvent>
<interactionEvent>
	<kind>selection</kind>
	<date>2007-06-06 01:10:26.766 GMT</date>
	<endDate>2007-06-06 01:10:26.766 GMT</endDate>
	<originId>originId</originId>
	<structureKind>structureKind</structureKind>
	<structureHandle>11111111111111111111111111111111111111111</structureHandle>
	<navigation>navigatedRelation</navigation>
	<delta>delta</delta>
	<interestContribution>2.0</interestContribution>
</interactionEvent>
<interactionEvent>
	<kind>selection</kind>
	<date>2007-06-06 01:10:26.767 GMT</date>
	<endDate>2007-06-06 01:10:26.767 GMT</endDate>
	<originId>originId</originId>
	<structureKind>structureKind</structureKind>
	<structureHandle>111111111111111111111111111111111111111111</structureHandle>
	<navigation>navigatedRelation</navigation>
	<delta>delta</delta>
	<interestContribution>2.0</interestContribution>
</interactionEvent>
<interactionEvent>
	<kind>selection</kind>
	<date>2007-06-06 01:10:26.767 GMT</date>
	<endDate>2007-06-06 01:10:26.767 GMT</endDate>
	<originId>originId</originId>
	<structureKind>structureKind</structureKind>
	<structureHandle>1111111111111111111111111111111111111111111</structureHandle>
	<navigation>navigatedRelation</navigation>
	<delta>delta</delta>
	<interestContribution>2.0</interestContribution>
</interactionEvent>
<interactionEvent>
	<kind>selection</kind>
	<date>2007-06-06 01:10:26.767 GMT</date>
	<endDate>2007-06-06 01:10:26.767 GMT</endDate>
	<originId>originId</originId>
	<structureKind>structureKind</structureKind>
	<structureHandle>11111111111111111111111111111111111111111111</structureHandle>
	<navigation>navigatedRelation</navigation>
	<delta>delta</delta>
	<interestContribution>2.0</interestContribution>
</interactionEvent>
<interactionEvent>
	<kind>selection</kind>
	<date>2007-06-06 01:10:26.768 GMT</date>
	<endDate>2007-06-06 01:10:26.768 GMT</endDate>
	<originId>originId</originId>
	<structureKind>structureKind</structureKind>
	<structureHandle>111111111111111111111111111111111111111111111</structureHandle>
	<navigation>navigatedRelation</navigation>
	<delta>delta</delta>
	<interestContribution>2.0</interestContribution>
</interactionEvent>
<interactionEvent>
	<kind>selection</kind>
	<date>2007-06-06 01:10:26.768 GMT</date>
	<endDate>2007-06-06 01:10:26.768 GMT</endDate>
	<originId>originId</originId>
	<structureKind>structureKind</structureKind>
	<structureHandle>1111111111111111111111111111111111111111111111</structureHandle>
	<navigation>navigatedRelation</navigation>
	<delta>delta</delta>
	<interestContribution>2.0</interestContribution>
</interactionEvent>
<interactionEvent>
	<kind>selection</kind>
	<date>2007-06-06 01:10:26.768 GMT</date>
	<endDate>2007-06-06 01:10:26.768 GMT</endDate>
	<originId>originId</originId>
	<structureKind>structureKind</structureKind>
	<structureHandle>11111111111111111111111111111111111111111111111</structureHandle>
	<navigation>navigatedRelation</navigation>
	<delta>delta</delta>
	<interestContribution>2.0</interestContribution>
</interactionEvent>
<interactionEvent>
	<kind>selection</kind>
	<date>2007-06-06 01:10:26.769 GMT</date>
	<endDate>2007-06-06 01:10:26.769 GMT</endDate>
	<originId>originId</originId>
	<structureKind>structureKind</structureKind>
	<structureHandle>111111111111111111111111111111111111111111111111</structureHandle>
	<navigation>navigatedRelation</navigation>
	<delta>delta</delta>
	<interestContribution>2.0</interestContribution>
</interactionEvent>
<interactionEvent>
	<kind>selection</kind>
	<date>2007-06-06 01:10:26.769 GMT</date>
	<endDate>2007-06-06 01:10:26.769 GMT</endDate>
	<originId>originId</originId>
	<structureKind>structureKind</structureKind>
	<structureHandle>1111111111111111111111111111111111111111111111111</structureHandle>
	<navigation>navigatedRelation</navigation>
	<delta>delta</delta>
	<interestContribution>2.0</interestContribution>
</interactionEvent>
<interactionEvent>
	<kind>selection</kind>
	<date>2007-06-06 01:10:26.771 GMT</date>
	<endDate>2007-06-06 01:10:26.771 GMT</endDate>
	<originId>originId</originId>
	<structureKind>structureKind</structureKind>
	<structureHandle>11111111111111111111111111111111111111111111111111</structureHandle>
	<navigation>navigatedRelation</navigation>
	<delta>delta</delta>
	<interestContribution>2.0</interestContribution>
</interactionEvent>
<interactionEvent>
	<kind>selection</kind>
	<date>2007-06-06 01:10:26.771 GMT</date>
	<endDate>2007-06-06 01:10:26.771 GMT</endDate>
	<originId>originId</originId>
	<structureKind>structureKind</structureKind>
	<structureHandle>111111111111111111111111111111111111111111111111111</structureHandle>
	<navigation>navigatedRelation</navigation>
	<delta>delta</delta>
	<interestContribution>2.0</interestContribution>
</interactionEvent>
<interactionEvent>
	<kind>selection</kind>
	<date>2007-06-06 01:10:26.771 GMT</date>
	<endDate>2007-06-06 01:10:26.771 GMT</endDate>
	<originId>originId</originId>
	<structureKind>structureKind</structureKind>
	<structureHandle>1111111111111111111111111111111111111111111111111111</structureHandle>
	<navigation>navigatedRelation</navigation>
	<delta>delta</delta>
	<interestContribution>2.0</interestContribution>
</interactionEvent>
<interactionEvent>
	<kind>selection</kind>
	<date>2007-06-06 01:10:26.772 GMT</date>
	<endDate>2007-06-06 01:10:26.772 GMT</endDate>
	<originId>originId</originId>
	<structureKind>structureKind</structureKind>
	<structureHandle>11111111111111111111111111111111111111111111111111111</structureHandle>
	<navigation>navigatedRelation</navigation>
	<delta>delta</delta>
	<interestContribution>2.0</interestContribution>
</interactionEvent>
<interactionEvent>
	<kind>selection</kind>
	<date>2007-06-06 01:10:26.772 GMT</date>
	<endDate>2007-06-06 01:10:26.772 GMT</endDate>
	<originId>originId</originId>
	<structureKind>structureKind</structureKind>
	<structureHandle>111111111111111111111111111111111111111111111111111111</structureHandle>
	<navigation>navigatedRelation</navigation>
	<delta>delta</delta>
	<interestContribution>2.0</interestContribution>
</interactionEvent>
<interactionEvent>
	<kind>selection</kind>
	<date>2007-06-06 01:10:26.772 GMT</date>
	<endDate>2007-06-06 01:10:26.772 GMT</endDate>
	<originId>originId</originId>
	<structureKind>structureKind</structureKind>
	<structureHandle>1111111111111111111111111111111111111111111111111111111</structureHandle>
	<navigation>navigatedRelation</navigation>
	<delta>delta</delta>
	<interestContribution>2.0</interestContribution>
</interactionEvent>
<interactionEvent>
	<kind>selection</kind>
	<date>2007-06-06 01:10:26.773 GMT</date>
	<endDate>2007-06-06 01:10:26.773 GMT</endDate>
	<originId>originId</originId>
	<structureKind>structureKind</structureKind>
	<structureHandle>11111111111111111111111111111111111111111111111111111111</structureHandle>
	<navigation>navigatedRelation</navigation>
	<delta>delta</delta>
	<interestContribution>2.0</interestContribution>
</interactionEvent>
<interactionEvent>
	<kind>selection</kind>
	<date>2007-06-06 01:10:26.774 GMT</date>
	<endDate>2007-06-06 01:10:26.774 GMT</endDate>
	<originId>originId</originId>
	<structureKind>structureKind</structureKind>
	<structureHandle>111111111111111111111111111111111111111111111111111111111</structureHandle>
	<navigation>navigatedRelation</navigation>
	<delta>delta</delta>
	<interestContribution>2.0</interestContribution>
</interactionEvent>
<interactionEvent>
	<kind>selection</kind>
	<date>2007-06-06 01:10:26.774 GMT</date>
	<endDate>2007-06-06 01:10:26.774 GMT</endDate>
	<originId>originId</originId>
	<structureKind>structureKind</structureKind>
	<structureHandle>1111111111111111111111111111111111111111111111111111111111</structureHandle>
	<navigation>navigatedRelation</navigation>
	<delta>delta</delta>
	<interestContribution>2.0</interestContribution>
</interactionEvent>
<interactionEvent>
	<kind>selection</kind>
	<date>2007-06-06 01:10:26.774 GMT</date>
	<endDate>2007-06-06 01:10:26.774 GMT</endDate>
	<originId>originId</originId>
	<structureKind>structureKind</structureKind>
	<structureHandle>11111111111111111111111111111111111111111111111111111111111</structureHandle>
	<navigation>navigatedRelation</navigation>
	<delta>delta</delta>
	<interestContribution>2.0</interestContribution>
</interactionEvent>
<interactionEvent>
	<kind>selection</kind>
	<date>2007-06-06 01:10:26.774 GMT</date>
	<endDate>2007-06-06 01:10:26.774 GMT</endDate>
	<originId>originId</originId>
	<structureKind>structureKind</structureKind>
	<structureHandle>111111111111111111111111111111111111111111111111111111111111</structureHandle>
	<navigation>navigatedRelation</navigation>
	<delta>delta</delta>
	<interestContribution>2.0</interestContribution>
</interactionEvent>
<interactionEvent>
	<kind>selection</kind>
	<date>2007-06-06 01:10:26.775 GMT</date>
	<endDate>2007-06-06 01:10:26.775 GMT</endDate>
	<originId>originId</originId>
	<structureKind>structureKind</structureKind>
	<structureHandle>1111111111111111111111111111111111111111111111111111111111111</structureHandle>
	<navigation>navigatedRelation</navigation>
	<delta>delta</delta>
	<interestContribution>2.0</interestContribution>
</interactionEvent>
<interactionEvent>
	<kind>selection</kind>
	<date>2007-06-06 01:10:26.776 GMT</date>
	<endDate>2007-06-06 01:10:26.776 GMT</endDate>
	<originId>originId</originId>
	<structureKind>structureKind</structureKind>
	<structureHandle>11111111111111111111111111111111111111111111111111111111111111</structureHandle>
	<navigation>navigatedRelation</navigation>
	<delta>delta</delta>
	<interestContribution>2.0</interestContribution>
</interactionEvent>
<interactionEvent>
	<kind>selection</kind>
	<date>2007-06-06 01:10:26.777 GMT</date>
	<endDate>2007-06-06 01:10:26.777 GMT</endDate>
	<originId>originId</originId>
	<structureKind>structureKind</structureKind>
	<structureHandle>111111111111111111111111111111111111111111111111111111111111111</structureHandle>
	<navigation>navigatedRelation</navigation>
	<delta>delta</delta>
	<interestContribution>2.0</interestContribution>
</interactionEvent>
<interactionEvent>
	<kind>selection</kind>
	<date>2007-06-06 01:10:26.777 GMT</date>
	<endDate>2007-06-06 01:10:26.777 GMT</endDate>
	<originId>originId</originId>
	<structureKind>structureKind</structureKind>
	<structureHandle>1111111111111111111111111111111111111111111111111111111111111111</structureHandle>
	<navigation>navigatedRelation</navigation>
	<delta>delta</delta>
	<interestContribution>2.0</interestContribution>
</interactionEvent>
<interactionEvent>
	<kind>selection</kind>
	<date>2007-06-06 01:10:26.778 GMT</date>
	<endDate>2007-06-06 01:10:26.778 GMT</endDate>
	<originId>originId</originId>
	<structureKind>structureKind</structureKind>
	<structureHandle>11111111111111111111111111111111111111111111111111111111111111111</structureHandle>
	<navigation>navigatedRelation</navigation>
	<delta>delta</delta>
	<interestContribution>2.0</interestContribution>
</interactionEvent>
<interactionEvent>
	<kind>selection</kind>
	<date>2007-06-06 01:10:26.779 GMT</date>
	<endDate>2007-06-06 01:10:26.779 GMT</endDate>
	<originId>originId</originId>
	<structureKind>structureKind</structureKind>
	<structureHandle>111111111111111111111111111111111111111111111111111111111111111111</structureHandle>
	<navigation>navigatedRelation</navigation>
	<delta>delta</delta>
	<interestContribution>2.0</interestContribution>
</interactionEvent>
<interactionEvent>
	<kind>selection</kind>
	<date>2007-06-06 01:10:26.779 GMT</date>
	<endDate>2007-06-06 01:10:26.779 GMT</endDate>
	<originId>originId</originId>
	<structureKind>structureKind</structureKind>
	<structureHandle>1111111111111111111111111111111111111111111111111111111111111111111</structureHandle>
	<navigation>navigatedRelation</navigation>
	<delta>delta</delta>
	<interestContribution>2.0</interestContribution>
</interactionEvent>
<interactionEvent>
	<kind>selection</kind>
	<date>2007-06-06 01:10:26.784 GMT</date>
	<endDate>2007-06-06 01:10:26.784 GMT</endDate>
	<originId>originId</originId>
	<structureKind>structureKind</structureKind>
	<structureHandle>11111111111111111111111111111111111111111111111111111111111111111111</structureHandle>
	<navigation>navigatedRelation</navigation>
	<delta>delta</delta>
	<interestContribution>2.0</interestContribution>
</interactionEvent>
<interactionEvent>
	<kind>selection</kind>
	<date>2007-06-06 01:10:26.784 GMT</date>
	<endDate>2007-06-06 01:10:26.784 GMT</endDate>
	<originId>originId</originId>
	<structureKind>structureKind</structureKind>
	<structureHandle>111111111111111111111111111111111111111111111111111111111111111111111</structureHandle>
	<navigation>navigatedRelation</navigation>
	<delta>delta</delta>
	<interestContribution>2.0</interestContribution>
</interactionEvent>
<interactionEvent>
	<kind>selection</kind>
	<date>2007-06-06 01:10:26.785 GMT</date>
	<endDate>2007-06-06 01:10:26.785 GMT</endDate>
	<originId>originId</originId>
	<structureKind>structureKind</structureKind>
	<structureHandle>1111111111111111111111111111111111111111111111111111111111111111111111</structureHandle>
	<navigation>navigatedRelation</navigation>
	<delta>delta</delta>
	<interestContribution>2.0</interestContribution>
</interactionEvent>
<interactionEvent>
	<kind>selection</kind>
	<date>2007-06-06 01:10:26.785 GMT</date>
	<endDate>2007-06-06 01:10:26.785 GMT</endDate>
	<originId>originId</originId>
	<structureKind>structureKind</structureKind>
	<structureHandle>11111111111111111111111111111111111111111111111111111111111111111111111</structureHandle>
	<navigation>navigatedRelation</navigation>
	<delta>delta</delta>
	<interestContribution>2.0</interestContribution>
</interactionEvent>
<interactionEvent>
	<kind>selection</kind>
	<date>2007-06-06 01:10:26.785 GMT</date>
	<endDate>2007-06-06 01:10:26.785 GMT</endDate>
	<originId>originId</originId>
	<structureKind>structureKind</structureKind>
	<structureHandle>111111111111111111111111111111111111111111111111111111111111111111111111</structureHandle>
	<navigation>navigatedRelation</navigation>
	<delta>delta</delta>
	<interestContribution>2.0</interestContribution>
</interactionEvent>
<interactionEvent>
	<kind>selection</kind>
	<date>2007-06-06 01:10:26.785 GMT</date>
	<endDate>2007-06-06 01:10:26.785 GMT</endDate>
	<originId>originId</originId>
	<structureKind>structureKind</structureKind>
	<structureHandle>1111111111111111111111111111111111111111111111111111111111111111111111111</structureHandle>
	<navigation>navigatedRelation</navigation>
	<delta>delta</delta>
	<interestContribution>2.0</interestContribution>
</interactionEvent>
<interactionEvent>
	<kind>selection</kind>
	<date>2007-06-06 01:10:26.786 GMT</date>
	<endDate>2007-06-06 01:10:26.786 GMT</endDate>
	<originId>originId</originId>
	<structureKind>structureKind</structureKind>
	<structureHandle>11111111111111111111111111111111111111111111111111111111111111111111111111</structureHandle>
	<navigation>navigatedRelation</navigation>
	<delta>delta</delta>
	<interestContribution>2.0</interestContribution>
</interactionEvent>
<interactionEvent>
	<kind>selection</kind>
	<date>2007-06-06 01:10:26.786 GMT</date>
	<endDate>2007-06-06 01:10:26.786 GMT</endDate>
	<originId>originId</originId>
	<structureKind>structureKind</structureKind>
	<structureHandle>111111111111111111111111111111111111111111111111111111111111111111111111111</structureHandle>
	<navigation>navigatedRelation</navigation>
	<delta>delta</delta>
	<interestContribution>2.0</interestContribution>
</interactionEvent>
<interactionEvent>
	<kind>selection</kind>
	<date>2007-06-06 01:10:26.786 GMT</date>
	<endDate>2007-06-06 01:10:26.786 GMT</endDate>
	<originId>originId</originId>
	<structureKind>structureKind</structureKind>
	<structureHandle>1111111111111111111111111111111111111111111111111111111111111111111111111111</structureHandle>
	<navigation>navigatedRelation</navigation>
	<delta>delta</delta>
	<interestContribution>2.0</interestContribution>
</interactionEvent>
<interactionEvent>
	<kind>selection</kind>
	<date>2007-06-06 01:10:26.786 GMT</date>
	<endDate>2007-06-06 01:10:26.786 GMT</endDate>
	<originId>originId</originId>
	<structureKind>structureKind</structureKind>
	<structureHandle>11111111111111111111111111111111111111111111111111111111111111111111111111111</structureHandle>
	<navigation>navigatedRelation</navigation>
	<delta>delta</delta>
	<interestContribution>2.0</interestContribution>
</interactionEvent>
<interactionEvent>
	<kind>selection</kind>
	<date>2007-06-06 01:10:26.787 GMT</date>
	<endDate>2007-06-06 01:10:26.787 GMT</endDate>
	<originId>originId</originId>
	<structureKind>structureKind</structureKind>
	<structureHandle>111111111111111111111111111111111111111111111111111111111111111111111111111111</structureHandle>
	<navigation>navigatedRelation</navigation>
	<delta>delta</delta>
	<interestContribution>2.0</interestContribution>
</interactionEvent>
<interactionEvent>
	<kind>selection</kind>
	<date>2007-06-06 01:10:26.787 GMT</date>
	<endDate>2007-06-06 01:10:26.787 GMT</endDate>
	<originId>originId</originId>
	<structureKind>structureKind</structureKind>
	<structureHandle>1111111111111111111111111111111111111111111111111111111111111111111111111111111</structureHandle>
	<navigation>navigatedRelation</navigation>
	<delta>delta</delta>
	<interestContribution>2.0</interestContribution>
</interactionEvent>
<interactionEvent>
	<kind>selection</kind>
	<date>2007-06-06 01:10:26.787 GMT</date>
	<endDate>2007-06-06 01:10:26.787 GMT</endDate>
	<originId>originId</originId>
	<structureKind>structureKind</structureKind>
	<structureHandle>11111111111111111111111111111111111111111111111111111111111111111111111111111111</structureHandle>
	<navigation>navigatedRelation</navigation>
	<delta>delta</delta>
	<interestContribution>2.0</interestContribution>
</interactionEvent>
<interactionEvent>
	<kind>selection</kind>
	<date>2007-06-06 01:10:26.788 GMT</date>
	<endDate>2007-06-06 01:10:26.788 GMT</endDate>
	<originId>originId</originId>
	<structureKind>structureKind</structureKind>
	<structureHandle>111111111111111111111111111111111111111111111111111111111111111111111111111111111</structureHandle>
	<navigation>navigatedRelation</navigation>
	<delta>delta</delta>
	<interestContribution>2.0</interestContribution>
</interactionEvent>
<interactionEvent>
	<kind>selection</kind>
	<date>2007-06-06 01:10:26.790 GMT</date>
	<endDate>2007-06-06 01:10:26.790 GMT</endDate>
	<originId>originId</originId>
	<structureKind>structureKind</structureKind>
	<structureHandle>1111111111111111111111111111111111111111111111111111111111111111111111111111111111</structureHandle>
	<navigation>navigatedRelation</navigation>
	<delta>delta</delta>
	<interestContribution>2.0</interestContribution>
</interactionEvent>
<interactionEvent>
	<kind>selection</kind>
	<date>2007-06-06 01:10:26.790 GMT</date>
	<endDate>2007-06-06 01:10:26.790 GMT</endDate>
	<originId>originId</originId>
	<structureKind>structureKind</structureKind>
	<structureHandle>11111111111111111111111111111111111111111111111111111111111111111111111111111111111</structureHandle>
	<navigation>navigatedRelation</navigation>
	<delta>delta</delta>
	<interestContribution>2.0</interestContribution>
</interactionEvent>
<interactionEvent>
	<kind>selection</kind>
	<date>2007-06-06 01:10:26.790 GMT</date>
	<endDate>2007-06-06 01:10:26.790 GMT</endDate>
	<originId>originId</originId>
	<structureKind>structureKind</structureKind>
	<structureHandle>111111111111111111111111111111111111111111111111111111111111111111111111111111111111</structureHandle>
	<navigation>navigatedRelation</navigation>
	<delta>delta</delta>
	<interestContribution>2.0</interestContribution>
</interactionEvent>
<interactionEvent>
	<kind>selection</kind>
	<date>2007-06-06 01:10:26.791 GMT</date>
	<endDate>2007-06-06 01:10:26.791 GMT</endDate>
	<originId>originId</originId>
	<structureKind>structureKind</structureKind>
	<structureHandle>1111111111111111111111111111111111111111111111111111111111111111111111111111111111111</structureHandle>
	<navigation>navigatedRelation</navigation>
	<delta>delta</delta>
	<interestContribution>2.0</interestContribution>
</interactionEvent>
<interactionEvent>
	<kind>selection</kind>
	<date>2007-06-06 01:10:26.791 GMT</date>
	<endDate>2007-06-06 01:10:26.791 GMT</endDate>
	<originId>originId</originId>
	<structureKind>structureKind</structureKind>
	<structureHandle>11111111111111111111111111111111111111111111111111111111111111111111111111111111111111</structureHandle>
	<navigation>navigatedRelation</navigation>
	<delta>delta</delta>
	<interestContribution>2.0</interestContribution>
</interactionEvent>
<interactionEvent>
	<kind>selection</kind>
	<date>2007-06-06 01:10:26.791 GMT</date>
	<endDate>2007-06-06 01:10:26.791 GMT</endDate>
	<originId>originId</originId>
	<structureKind>structureKind</structureKind>
	<structureHandle>111111111111111111111111111111111111111111111111111111111111111111111111111111111111111</structureHandle>
	<navigation>navigatedRelation</navigation>
	<delta>delta</delta>
	<interestContribution>2.0</interestContribution>
</interactionEvent>
<interactionEvent>
	<kind>selection</kind>
	<date>2007-06-06 01:10:26.791 GMT</date>
	<endDate>2007-06-06 01:10:26.791 GMT</endDate>
	<originId>originId</originId>
	<structureKind>structureKind</structureKind>
	<structureHandle>1111111111111111111111111111111111111111111111111111111111111111111111111111111111111111</structureHandle>
	<navigation>navigatedRelation</navigation>
	<delta>delta</delta>
	<interestContribution>2.0</interestContribution>
</interactionEvent>
<interactionEvent>
	<kind>selection</kind>
	<date>2007-06-06 01:10:26.792 GMT</date>
	<endDate>2007-06-06 01:10:26.792 GMT</endDate>
	<originId>originId</originId>
	<structureKind>structureKind</structureKind>
	<structureHandle>11111111111111111111111111111111111111111111111111111111111111111111111111111111111111111</structureHandle>
	<navigation>navigatedRelation</navigation>
	<delta>delta</delta>
	<interestContribution>2.0</interestContribution>
</interactionEvent>
<interactionEvent>
	<kind>selection</kind>
	<date>2007-06-06 01:10:26.792 GMT</date>
	<endDate>2007-06-06 01:10:26.792 GMT</endDate>
	<originId>originId</originId>
	<structureKind>structureKind</structureKind>
	<structureHandle>111111111111111111111111111111111111111111111111111111111111111111111111111111111111111111</structureHandle>
	<navigation>navigatedRelation</navigation>
	<delta>delta</delta>
	<interestContribution>2.0</interestContribution>
</interactionEvent>
<interactionEvent>
	<kind>selection</kind>
	<date>2007-06-06 01:10:26.792 GMT</date>
	<endDate>2007-06-06 01:10:26.792 GMT</endDate>
	<originId>originId</originId>
	<structureKind>structureKind</structureKind>
	<structureHandle>1111111111111111111111111111111111111111111111111111111111111111111111111111111111111111111</structureHandle>
	<navigation>navigatedRelation</navigation>
	<delta>delta</delta>
	<interestContribution>2.0</interestContribution>
</interactionEvent>
<interactionEvent>
	<kind>selection</kind>
	<date>2007-06-06 01:10:26.792 GMT</date>
	<endDate>2007-06-06 01:10:26.792 GMT</endDate>
	<originId>originId</originId>
	<structureKind>structureKind</structureKind>
	<structureHandle>11111111111111111111111111111111111111111111111111111111111111111111111111111111111111111111</structureHandle>
	<navigation>navigatedRelation</navigation>
	<delta>delta</delta>
	<interestContribution>2.0</interestContribution>
</interactionEvent>
<interactionEvent>
	<kind>selection</kind>
	<date>2007-06-06 01:10:26.793 GMT</date>
	<endDate>2007-06-06 01:10:26.793 GMT</endDate>
	<originId>originId</originId>
	<structureKind>structureKind</structureKind>
	<structureHandle>111111111111111111111111111111111111111111111111111111111111111111111111111111111111111111111</structureHandle>
	<navigation>navigatedRelation</navigation>
	<delta>delta</delta>
	<interestContribution>2.0</interestContribution>
</interactionEvent>
<interactionEvent>
	<kind>selection</kind>
	<date>2007-06-06 01:10:26.794 GMT</date>
	<endDate>2007-06-06 01:10:26.794 GMT</endDate>
	<originId>originId</originId>
	<structureKind>structureKind</structureKind>
	<structureHandle>1111111111111111111111111111111111111111111111111111111111111111111111111111111111111111111111</structureHandle>
	<navigation>navigatedRelation</navigation>
	<delta>delta</delta>
	<interestContribution>2.0</interestContribution>
</interactionEvent>
<interactionEvent>
	<kind>selection</kind>
	<date>2007-06-06 01:10:26.795 GMT</date>
	<endDate>2007-06-06 01:10:26.795 GMT</endDate>
	<originId>originId</originId>
	<structureKind>structureKind</structureKind>
	<structureHandle>11111111111111111111111111111111111111111111111111111111111111111111111111111111111111111111111</structureHandle>
	<navigation>navigatedRelation</navigation>
	<delta>delta</delta>
	<interestContribution>2.0</interestContribution>
</interactionEvent>
<interactionEvent>
	<kind>selection</kind>
	<date>2007-06-06 01:10:26.803 GMT</date>
	<endDate>2007-06-06 01:10:26.803 GMT</endDate>
	<originId>originId</originId>
	<structureKind>structureKind</structureKind>
	<structureHandle>111111111111111111111111111111111111111111111111111111111111111111111111111111111111111111111111</structureHandle>
	<navigation>navigatedRelation</navigation>
	<delta>delta</delta>
	<interestContribution>2.0</interestContribution>
</interactionEvent>
<interactionEvent>
	<kind>selection</kind>
	<date>2007-06-06 01:10:26.803 GMT</date>
	<endDate>2007-06-06 01:10:26.803 GMT</endDate>
	<originId>originId</originId>
	<structureKind>structureKind</structureKind>
	<structureHandle>1111111111111111111111111111111111111111111111111111111111111111111111111111111111111111111111111</structureHandle>
	<navigation>navigatedRelation</navigation>
	<delta>delta</delta>
	<interestContribution>2.0</interestContribution>
</interactionEvent>
<interactionEvent>
	<kind>selection</kind>
	<date>2007-06-06 01:10:26.803 GMT</date>
	<endDate>2007-06-06 01:10:26.803 GMT</endDate>
	<originId>originId</originId>
	<structureKind>structureKind</structureKind>
	<structureHandle>11111111111111111111111111111111111111111111111111111111111111111111111111111111111111111111111111</structureHandle>
	<navigation>navigatedRelation</navigation>
	<delta>delta</delta>
	<interestContribution>2.0</interestContribution>
</interactionEvent>
<interactionEvent>
	<kind>selection</kind>
	<date>2007-06-06 01:10:26.803 GMT</date>
	<endDate>2007-06-06 01:10:26.803 GMT</endDate>
	<originId>originId</originId>
	<structureKind>structureKind</structureKind>
	<structureHandle>111111111111111111111111111111111111111111111111111111111111111111111111111111111111111111111111111</structureHandle>
	<navigation>navigatedRelation</navigation>
	<delta>delta</delta>
	<interestContribution>2.0</interestContribution>
</interactionEvent>
<interactionEvent>
	<kind>selection</kind>
	<date>2007-06-06 01:10:26.804 GMT</date>
	<endDate>2007-06-06 01:10:26.804 GMT</endDate>
	<originId>originId</originId>
	<structureKind>structureKind</structureKind>
	<structureHandle>1111111111111111111111111111111111111111111111111111111111111111111111111111111111111111111111111111</structureHandle>
	<navigation>navigatedRelation</navigation>
	<delta>delta</delta>
	<interestContribution>2.0</interestContribution>
</interactionEvent>
