<interactionEvent>
	<kind>selection</kind>
	<date>2007-04-09 23:35:10.814 GMT</date>
	<endDate>2007-04-09 23:35:10.814 GMT</endDate>
	<originId>originId</originId>
	<structureKind>structureKind</structureKind>
	<structureHandle>1</structureHandle>
	<navigation>navigatedRelation</navigation>
	<delta>delta</delta>
	<interestContribution>2.0</interestContribution>
</interactionEvent>
<interactionEvent>
	<kind>selection</kind>
	<date>2007-04-09 23:35:10.814 GMT</date>
	<endDate>2007-04-09 23:35:10.814 GMT</endDate>
	<originId>originId</originId>
	<structureKind>structureKind</structureKind>
	<structureHandle>11</structureHandle>
	<navigation>navigatedRelation</navigation>
	<delta>delta</delta>
	<interestContribution>2.0</interestContribution>
</interactionEvent>
<interactionEvent>
	<kind>selection</kind>
	<date>2007-04-09 23:35:10.814 GMT</date>
	<endDate>2007-04-09 23:35:10.814 GMT</endDate>
	<originId>originId</originId>
	<structureKind>structureKind</structureKind>
	<structureHandle>111</structureHandle>
	<navigation>navigatedRelation</navigation>
	<delta>delta</delta>
	<interestContribution>2.0</interestContribution>
</interactionEvent>
<interactionEvent>
	<kind>selection</kind>
	<date>2007-04-09 23:35:10.814 GMT</date>
	<endDate>2007-04-09 23:35:10.814 GMT</endDate>
	<originId>originId</originId>
	<structureKind>structureKind</structureKind>
	<structureHandle>1111</structureHandle>
	<navigation>navigatedRelation</navigation>
	<delta>delta</delta>
	<interestContribution>2.0</interestContribution>
</interactionEvent>
<interactionEvent>
	<kind>selection</kind>
	<date>2007-04-09 23:35:10.814 GMT</date>
	<endDate>2007-04-09 23:35:10.814 GMT</endDate>
	<originId>originId</originId>
	<structureKind>structureKind</structureKind>
	<structureHandle>11111</structureHandle>
	<navigation>navigatedRelation</navigation>
	<delta>delta</delta>
	<interestContribution>2.0</interestContribution>
</interactionEvent>
<interactionEvent>
	<kind>selection</kind>
	<date>2007-04-09 23:35:10.815 GMT</date>
	<endDate>2007-04-09 23:35:10.815 GMT</endDate>
	<originId>originId</originId>
	<structureKind>structureKind</structureKind>
	<structureHandle>111111</structureHandle>
	<navigation>navigatedRelation</navigation>
	<delta>delta</delta>
	<interestContribution>2.0</interestContribution>
</interactionEvent>
<interactionEvent>
	<kind>selection</kind>
	<date>2007-04-09 23:35:10.815 GMT</date>
	<endDate>2007-04-09 23:35:10.815 GMT</endDate>
	<originId>originId</originId>
	<structureKind>structureKind</structureKind>
	<structureHandle>1111111</structureHandle>
	<navigation>navigatedRelation</navigation>
	<delta>delta</delta>
	<interestContribution>2.0</interestContribution>
</interactionEvent>
<interactionEvent>
	<kind>selection</kind>
	<date>2007-04-09 23:35:10.815 GMT</date>
	<endDate>2007-04-09 23:35:10.815 GMT</endDate>
	<originId>originId</originId>
	<structureKind>structureKind</structureKind>
	<structureHandle>11111111</structureHandle>
	<navigation>navigatedRelation</navigation>
	<delta>delta</delta>
	<interestContribution>2.0</interestContribution>
</interactionEvent>
<interactionEvent>
	<kind>selection</kind>
	<date>2007-04-09 23:35:10.815 GMT</date>
	<endDate>2007-04-09 23:35:10.815 GMT</endDate>
	<originId>originId</originId>
	<structureKind>structureKind</structureKind>
	<structureHandle>111111111</structureHandle>
	<navigation>navigatedRelation</navigation>
	<delta>delta</delta>
	<interestContribution>2.0</interestContribution>
</interactionEvent>
<interactionEvent>
	<kind>selection</kind>
	<date>2007-04-09 23:35:10.815 GMT</date>
	<endDate>2007-04-09 23:35:10.815 GMT</endDate>
	<originId>originId</originId>
	<structureKind>structureKind</structureKind>
	<structureHandle>1111111111</structureHandle>
	<navigation>navigatedRelation</navigation>
	<delta>delta</delta>
	<interestContribution>2.0</interestContribution>
</interactionEvent>
<interactionEvent>
	<kind>selection</kind>
	<date>2007-04-09 23:35:10.815 GMT</date>
	<endDate>2007-04-09 23:35:10.815 GMT</endDate>
	<originId>originId</originId>
	<structureKind>structureKind</structureKind>
	<structureHandle>11111111111</structureHandle>
	<navigation>navigatedRelation</navigation>
	<delta>delta</delta>
	<interestContribution>2.0</interestContribution>
</interactionEvent>
<interactionEvent>
	<kind>selection</kind>
	<date>2007-04-09 23:35:10.815 GMT</date>
	<endDate>2007-04-09 23:35:10.815 GMT</endDate>
	<originId>originId</originId>
	<structureKind>structureKind</structureKind>
	<structureHandle>111111111111</structureHandle>
	<navigation>navigatedRelation</navigation>
	<delta>delta</delta>
	<interestContribution>2.0</interestContribution>
</interactionEvent>
<interactionEvent>
	<kind>selection</kind>
	<date>2007-04-09 23:35:10.816 GMT</date>
	<endDate>2007-04-09 23:35:10.816 GMT</endDate>
	<originId>originId</originId>
	<structureKind>structureKind</structureKind>
	<structureHandle>1111111111111</structureHandle>
	<navigation>navigatedRelation</navigation>
	<delta>delta</delta>
	<interestContribution>2.0</interestContribution>
</interactionEvent>
<interactionEvent>
	<kind>selection</kind>
	<date>2007-04-09 23:35:10.816 GMT</date>
	<endDate>2007-04-09 23:35:10.816 GMT</endDate>
	<originId>originId</originId>
	<structureKind>structureKind</structureKind>
	<structureHandle>11111111111111</structureHandle>
	<navigation>navigatedRelation</navigation>
	<delta>delta</delta>
	<interestContribution>2.0</interestContribution>
</interactionEvent>
<interactionEvent>
	<kind>selection</kind>
	<date>2007-04-09 23:35:10.816 GMT</date>
	<endDate>2007-04-09 23:35:10.816 GMT</endDate>
	<originId>originId</originId>
	<structureKind>structureKind</structureKind>
	<structureHandle>111111111111111</structureHandle>
	<navigation>navigatedRelation</navigation>
	<delta>delta</delta>
	<interestContribution>2.0</interestContribution>
</interactionEvent>
<interactionEvent>
	<kind>selection</kind>
	<date>2007-04-09 23:35:10.816 GMT</date>
	<endDate>2007-04-09 23:35:10.816 GMT</endDate>
	<originId>originId</originId>
	<structureKind>structureKind</structureKind>
	<structureHandle>1111111111111111</structureHandle>
	<navigation>navigatedRelation</navigation>
	<delta>delta</delta>
	<interestContribution>2.0</interestContribution>
</interactionEvent>
<interactionEvent>
	<kind>selection</kind>
	<date>2007-04-09 23:35:10.816 GMT</date>
	<endDate>2007-04-09 23:35:10.816 GMT</endDate>
	<originId>originId</originId>
	<structureKind>structureKind</structureKind>
	<structureHandle>11111111111111111</structureHandle>
	<navigation>navigatedRelation</navigation>
	<delta>delta</delta>
	<interestContribution>2.0</interestContribution>
</interactionEvent>
<interactionEvent>
	<kind>selection</kind>
	<date>2007-04-09 23:35:10.816 GMT</date>
	<endDate>2007-04-09 23:35:10.816 GMT</endDate>
	<originId>originId</originId>
	<structureKind>structureKind</structureKind>
	<structureHandle>111111111111111111</structureHandle>
	<navigation>navigatedRelation</navigation>
	<delta>delta</delta>
	<interestContribution>2.0</interestContribution>
</interactionEvent>
<interactionEvent>
	<kind>selection</kind>
	<date>2007-04-09 23:35:10.816 GMT</date>
	<endDate>2007-04-09 23:35:10.816 GMT</endDate>
	<originId>originId</originId>
	<structureKind>structureKind</structureKind>
	<structureHandle>1111111111111111111</structureHandle>
	<navigation>navigatedRelation</navigation>
	<delta>delta</delta>
	<interestContribution>2.0</interestContribution>
</interactionEvent>
<interactionEvent>
	<kind>selection</kind>
	<date>2007-04-09 23:35:10.817 GMT</date>
	<endDate>2007-04-09 23:35:10.817 GMT</endDate>
	<originId>originId</originId>
	<structureKind>structureKind</structureKind>
	<structureHandle>11111111111111111111</structureHandle>
	<navigation>navigatedRelation</navigation>
	<delta>delta</delta>
	<interestContribution>2.0</interestContribution>
</interactionEvent>
<interactionEvent>
	<kind>selection</kind>
	<date>2007-04-09 23:35:10.817 GMT</date>
	<endDate>2007-04-09 23:35:10.817 GMT</endDate>
	<originId>originId</originId>
	<structureKind>structureKind</structureKind>
	<structureHandle>111111111111111111111</structureHandle>
	<navigation>navigatedRelation</navigation>
	<delta>delta</delta>
	<interestContribution>2.0</interestContribution>
</interactionEvent>
<interactionEvent>
	<kind>selection</kind>
	<date>2007-04-09 23:35:10.818 GMT</date>
	<endDate>2007-04-09 23:35:10.818 GMT</endDate>
	<originId>originId</originId>
	<structureKind>structureKind</structureKind>
	<structureHandle>1111111111111111111111</structureHandle>
	<navigation>navigatedRelation</navigation>
	<delta>delta</delta>
	<interestContribution>2.0</interestContribution>
</interactionEvent>
<interactionEvent>
	<kind>selection</kind>
	<date>2007-04-09 23:35:10.819 GMT</date>
	<endDate>2007-04-09 23:35:10.819 GMT</endDate>
	<originId>originId</originId>
	<structureKind>structureKind</structureKind>
	<structureHandle>11111111111111111111111</structureHandle>
	<navigation>navigatedRelation</navigation>
	<delta>delta</delta>
	<interestContribution>2.0</interestContribution>
</interactionEvent>
<interactionEvent>
	<kind>selection</kind>
	<date>2007-04-09 23:35:10.819 GMT</date>
	<endDate>2007-04-09 23:35:10.819 GMT</endDate>
	<originId>originId</originId>
	<structureKind>structureKind</structureKind>
	<structureHandle>111111111111111111111111</structureHandle>
	<navigation>navigatedRelation</navigation>
	<delta>delta</delta>
	<interestContribution>2.0</interestContribution>
</interactionEvent>
<interactionEvent>
	<kind>selection</kind>
	<date>2007-04-09 23:35:10.819 GMT</date>
	<endDate>2007-04-09 23:35:10.819 GMT</endDate>
	<originId>originId</originId>
	<structureKind>structureKind</structureKind>
	<structureHandle>1111111111111111111111111</structureHandle>
	<navigation>navigatedRelation</navigation>
	<delta>delta</delta>
	<interestContribution>2.0</interestContribution>
</interactionEvent>
<interactionEvent>
	<kind>selection</kind>
	<date>2007-04-09 23:35:10.819 GMT</date>
	<endDate>2007-04-09 23:35:10.819 GMT</endDate>
	<originId>originId</originId>
	<structureKind>structureKind</structureKind>
	<structureHandle>11111111111111111111111111</structureHandle>
	<navigation>navigatedRelation</navigation>
	<delta>delta</delta>
	<interestContribution>2.0</interestContribution>
</interactionEvent>
<interactionEvent>
	<kind>selection</kind>
	<date>2007-04-09 23:35:10.819 GMT</date>
	<endDate>2007-04-09 23:35:10.819 GMT</endDate>
	<originId>originId</originId>
	<structureKind>structureKind</structureKind>
	<structureHandle>111111111111111111111111111</structureHandle>
	<navigation>navigatedRelation</navigation>
	<delta>delta</delta>
	<interestContribution>2.0</interestContribution>
</interactionEvent>
<interactionEvent>
	<kind>selection</kind>
	<date>2007-04-09 23:35:10.819 GMT</date>
	<endDate>2007-04-09 23:35:10.819 GMT</endDate>
	<originId>originId</originId>
	<structureKind>structureKind</structureKind>
	<structureHandle>1111111111111111111111111111</structureHandle>
	<navigation>navigatedRelation</navigation>
	<delta>delta</delta>
	<interestContribution>2.0</interestContribution>
</interactionEvent>
<interactionEvent>
	<kind>selection</kind>
	<date>2007-04-09 23:35:10.819 GMT</date>
	<endDate>2007-04-09 23:35:10.819 GMT</endDate>
	<originId>originId</originId>
	<structureKind>structureKind</structureKind>
	<structureHandle>11111111111111111111111111111</structureHandle>
	<navigation>navigatedRelation</navigation>
	<delta>delta</delta>
	<interestContribution>2.0</interestContribution>
</interactionEvent>
<interactionEvent>
	<kind>selection</kind>
	<date>2007-04-09 23:35:10.820 GMT</date>
	<endDate>2007-04-09 23:35:10.820 GMT</endDate>
	<originId>originId</originId>
	<structureKind>structureKind</structureKind>
	<structureHandle>111111111111111111111111111111</structureHandle>
	<navigation>navigatedRelation</navigation>
	<delta>delta</delta>
	<interestContribution>2.0</interestContribution>
</interactionEvent>
<interactionEvent>
	<kind>selection</kind>
	<date>2007-04-09 23:35:10.820 GMT</date>
	<endDate>2007-04-09 23:35:10.820 GMT</endDate>
	<originId>originId</originId>
	<structureKind>structureKind</structureKind>
	<structureHandle>1111111111111111111111111111111</structureHandle>
	<navigation>navigatedRelation</navigation>
	<delta>delta</delta>
	<interestContribution>2.0</interestContribution>
</interactionEvent>
<interactionEvent>
	<kind>selection</kind>
	<date>2007-04-09 23:35:10.820 GMT</date>
	<endDate>2007-04-09 23:35:10.820 GMT</endDate>
	<originId>originId</originId>
	<structureKind>structureKind</structureKind>
	<structureHandle>11111111111111111111111111111111</structureHandle>
	<navigation>navigatedRelation</navigation>
	<delta>delta</delta>
	<interestContribution>2.0</interestContribution>
</interactionEvent>
<interactionEvent>
	<kind>selection</kind>
	<date>2007-04-09 23:35:10.820 GMT</date>
	<endDate>2007-04-09 23:35:10.820 GMT</endDate>
	<originId>originId</originId>
	<structureKind>structureKind</structureKind>
	<structureHandle>111111111111111111111111111111111</structureHandle>
	<navigation>navigatedRelation</navigation>
	<delta>delta</delta>
	<interestContribution>2.0</interestContribution>
</interactionEvent>
<interactionEvent>
	<kind>selection</kind>
	<date>2007-04-09 23:35:10.820 GMT</date>
	<endDate>2007-04-09 23:35:10.820 GMT</endDate>
	<originId>originId</originId>
	<structureKind>structureKind</structureKind>
	<structureHandle>1111111111111111111111111111111111</structureHandle>
	<navigation>navigatedRelation</navigation>
	<delta>delta</delta>
	<interestContribution>2.0</interestContribution>
</interactionEvent>
<interactionEvent>
	<kind>selection</kind>
	<date>2007-04-09 23:35:10.821 GMT</date>
	<endDate>2007-04-09 23:35:10.821 GMT</endDate>
	<originId>originId</originId>
	<structureKind>structureKind</structureKind>
	<structureHandle>11111111111111111111111111111111111</structureHandle>
	<navigation>navigatedRelation</navigation>
	<delta>delta</delta>
	<interestContribution>2.0</interestContribution>
</interactionEvent>
<interactionEvent>
	<kind>selection</kind>
	<date>2007-04-09 23:35:10.821 GMT</date>
	<endDate>2007-04-09 23:35:10.821 GMT</endDate>
	<originId>originId</originId>
	<structureKind>structureKind</structureKind>
	<structureHandle>111111111111111111111111111111111111</structureHandle>
	<navigation>navigatedRelation</navigation>
	<delta>delta</delta>
	<interestContribution>2.0</interestContribution>
</interactionEvent>
<interactionEvent>
	<kind>selection</kind>
	<date>2007-04-09 23:35:10.821 GMT</date>
	<endDate>2007-04-09 23:35:10.821 GMT</endDate>
	<originId>originId</originId>
	<structureKind>structureKind</structureKind>
	<structureHandle>1111111111111111111111111111111111111</structureHandle>
	<navigation>navigatedRelation</navigation>
	<delta>delta</delta>
	<interestContribution>2.0</interestContribution>
</interactionEvent>
<interactionEvent>
	<kind>selection</kind>
	<date>2007-04-09 23:35:10.821 GMT</date>
	<endDate>2007-04-09 23:35:10.821 GMT</endDate>
	<originId>originId</originId>
	<structureKind>structureKind</structureKind>
	<structureHandle>11111111111111111111111111111111111111</structureHandle>
	<navigation>navigatedRelation</navigation>
	<delta>delta</delta>
	<interestContribution>2.0</interestContribution>
</interactionEvent>
<interactionEvent>
	<kind>selection</kind>
	<date>2007-04-09 23:35:10.822 GMT</date>
	<endDate>2007-04-09 23:35:10.822 GMT</endDate>
	<originId>originId</originId>
	<structureKind>structureKind</structureKind>
	<structureHandle>111111111111111111111111111111111111111</structureHandle>
	<navigation>navigatedRelation</navigation>
	<delta>delta</delta>
	<interestContribution>2.0</interestContribution>
</interactionEvent>
<interactionEvent>
	<kind>selection</kind>
	<date>2007-04-09 23:35:10.822 GMT</date>
	<endDate>2007-04-09 23:35:10.822 GMT</endDate>
	<originId>originId</originId>
	<structureKind>structureKind</structureKind>
	<structureHandle>1111111111111111111111111111111111111111</structureHandle>
	<navigation>navigatedRelation</navigation>
	<delta>delta</delta>
	<interestContribution>2.0</interestContribution>
</interactionEvent>
<interactionEvent>
	<kind>selection</kind>
	<date>2007-04-09 23:35:10.822 GMT</date>
	<endDate>2007-04-09 23:35:10.822 GMT</endDate>
	<originId>originId</originId>
	<structureKind>structureKind</structureKind>
	<structureHandle>11111111111111111111111111111111111111111</structureHandle>
	<navigation>navigatedRelation</navigation>
	<delta>delta</delta>
	<interestContribution>2.0</interestContribution>
</interactionEvent>
<interactionEvent>
	<kind>selection</kind>
	<date>2007-04-09 23:35:10.822 GMT</date>
	<endDate>2007-04-09 23:35:10.822 GMT</endDate>
	<originId>originId</originId>
	<structureKind>structureKind</structureKind>
	<structureHandle>111111111111111111111111111111111111111111</structureHandle>
	<navigation>navigatedRelation</navigation>
	<delta>delta</delta>
	<interestContribution>2.0</interestContribution>
</interactionEvent>
<interactionEvent>
	<kind>selection</kind>
	<date>2007-04-09 23:35:10.822 GMT</date>
	<endDate>2007-04-09 23:35:10.822 GMT</endDate>
	<originId>originId</originId>
	<structureKind>structureKind</structureKind>
	<structureHandle>1111111111111111111111111111111111111111111</structureHandle>
	<navigation>navigatedRelation</navigation>
	<delta>delta</delta>
	<interestContribution>2.0</interestContribution>
</interactionEvent>
<interactionEvent>
	<kind>selection</kind>
	<date>2007-04-09 23:35:10.823 GMT</date>
	<endDate>2007-04-09 23:35:10.823 GMT</endDate>
	<originId>originId</originId>
	<structureKind>structureKind</structureKind>
	<structureHandle>11111111111111111111111111111111111111111111</structureHandle>
	<navigation>navigatedRelation</navigation>
	<delta>delta</delta>
	<interestContribution>2.0</interestContribution>
</interactionEvent>
<interactionEvent>
	<kind>selection</kind>
	<date>2007-04-09 23:35:10.824 GMT</date>
	<endDate>2007-04-09 23:35:10.824 GMT</endDate>
	<originId>originId</originId>
	<structureKind>structureKind</structureKind>
	<structureHandle>111111111111111111111111111111111111111111111</structureHandle>
	<navigation>navigatedRelation</navigation>
	<delta>delta</delta>
	<interestContribution>2.0</interestContribution>
</interactionEvent>
<interactionEvent>
	<kind>selection</kind>
	<date>2007-04-09 23:35:10.824 GMT</date>
	<endDate>2007-04-09 23:35:10.824 GMT</endDate>
	<originId>originId</originId>
	<structureKind>structureKind</structureKind>
	<structureHandle>1111111111111111111111111111111111111111111111</structureHandle>
	<navigation>navigatedRelation</navigation>
	<delta>delta</delta>
	<interestContribution>2.0</interestContribution>
</interactionEvent>
<interactionEvent>
	<kind>selection</kind>
	<date>2007-04-09 23:35:10.824 GMT</date>
	<endDate>2007-04-09 23:35:10.824 GMT</endDate>
	<originId>originId</originId>
	<structureKind>structureKind</structureKind>
	<structureHandle>11111111111111111111111111111111111111111111111</structureHandle>
	<navigation>navigatedRelation</navigation>
	<delta>delta</delta>
	<interestContribution>2.0</interestContribution>
</interactionEvent>
<interactionEvent>
	<kind>selection</kind>
	<date>2007-04-09 23:35:10.824 GMT</date>
	<endDate>2007-04-09 23:35:10.824 GMT</endDate>
	<originId>originId</originId>
	<structureKind>structureKind</structureKind>
	<structureHandle>111111111111111111111111111111111111111111111111</structureHandle>
	<navigation>navigatedRelation</navigation>
	<delta>delta</delta>
	<interestContribution>2.0</interestContribution>
</interactionEvent>
<interactionEvent>
	<kind>selection</kind>
	<date>2007-04-09 23:35:10.824 GMT</date>
	<endDate>2007-04-09 23:35:10.824 GMT</endDate>
	<originId>originId</originId>
	<structureKind>structureKind</structureKind>
	<structureHandle>1111111111111111111111111111111111111111111111111</structureHandle>
	<navigation>navigatedRelation</navigation>
	<delta>delta</delta>
	<interestContribution>2.0</interestContribution>
</interactionEvent>
<interactionEvent>
	<kind>selection</kind>
	<date>2007-04-09 23:35:10.824 GMT</date>
	<endDate>2007-04-09 23:35:10.824 GMT</endDate>
	<originId>originId</originId>
	<structureKind>structureKind</structureKind>
	<structureHandle>11111111111111111111111111111111111111111111111111</structureHandle>
	<navigation>navigatedRelation</navigation>
	<delta>delta</delta>
	<interestContribution>2.0</interestContribution>
</interactionEvent>
<interactionEvent>
	<kind>selection</kind>
	<date>2007-04-09 23:35:10.824 GMT</date>
	<endDate>2007-04-09 23:35:10.824 GMT</endDate>
	<originId>originId</originId>
	<structureKind>structureKind</structureKind>
	<structureHandle>111111111111111111111111111111111111111111111111111</structureHandle>
	<navigation>navigatedRelation</navigation>
	<delta>delta</delta>
	<interestContribution>2.0</interestContribution>
</interactionEvent>
<interactionEvent>
	<kind>selection</kind>
	<date>2007-04-09 23:35:10.824 GMT</date>
	<endDate>2007-04-09 23:35:10.824 GMT</endDate>
	<originId>originId</originId>
	<structureKind>structureKind</structureKind>
	<structureHandle>1111111111111111111111111111111111111111111111111111</structureHandle>
	<navigation>navigatedRelation</navigation>
	<delta>delta</delta>
	<interestContribution>2.0</interestContribution>
</interactionEvent>
<interactionEvent>
	<kind>selection</kind>
	<date>2007-04-09 23:35:10.825 GMT</date>
	<endDate>2007-04-09 23:35:10.825 GMT</endDate>
	<originId>originId</originId>
	<structureKind>structureKind</structureKind>
	<structureHandle>11111111111111111111111111111111111111111111111111111</structureHandle>
	<navigation>navigatedRelation</navigation>
	<delta>delta</delta>
	<interestContribution>2.0</interestContribution>
</interactionEvent>
<interactionEvent>
	<kind>selection</kind>
	<date>2007-04-09 23:35:10.825 GMT</date>
	<endDate>2007-04-09 23:35:10.825 GMT</endDate>
	<originId>originId</originId>
	<structureKind>structureKind</structureKind>
	<structureHandle>111111111111111111111111111111111111111111111111111111</structureHandle>
	<navigation>navigatedRelation</navigation>
	<delta>delta</delta>
	<interestContribution>2.0</interestContribution>
</interactionEvent>
<interactionEvent>
	<kind>selection</kind>
	<date>2007-04-09 23:35:10.825 GMT</date>
	<endDate>2007-04-09 23:35:10.825 GMT</endDate>
	<originId>originId</originId>
	<structureKind>structureKind</structureKind>
	<structureHandle>1111111111111111111111111111111111111111111111111111111</structureHandle>
	<navigation>navigatedRelation</navigation>
	<delta>delta</delta>
	<interestContribution>2.0</interestContribution>
</interactionEvent>
<interactionEvent>
	<kind>selection</kind>
	<date>2007-04-09 23:35:10.826 GMT</date>
	<endDate>2007-04-09 23:35:10.826 GMT</endDate>
	<originId>originId</originId>
	<structureKind>structureKind</structureKind>
	<structureHandle>11111111111111111111111111111111111111111111111111111111</structureHandle>
	<navigation>navigatedRelation</navigation>
	<delta>delta</delta>
	<interestContribution>2.0</interestContribution>
</interactionEvent>
<interactionEvent>
	<kind>selection</kind>
	<date>2007-04-09 23:35:10.826 GMT</date>
	<endDate>2007-04-09 23:35:10.826 GMT</endDate>
	<originId>originId</originId>
	<structureKind>structureKind</structureKind>
	<structureHandle>111111111111111111111111111111111111111111111111111111111</structureHandle>
	<navigation>navigatedRelation</navigation>
	<delta>delta</delta>
	<interestContribution>2.0</interestContribution>
</interactionEvent>
<interactionEvent>
	<kind>selection</kind>
	<date>2007-04-09 23:35:10.826 GMT</date>
	<endDate>2007-04-09 23:35:10.826 GMT</endDate>
	<originId>originId</originId>
	<structureKind>structureKind</structureKind>
	<structureHandle>1111111111111111111111111111111111111111111111111111111111</structureHandle>
	<navigation>navigatedRelation</navigation>
	<delta>delta</delta>
	<interestContribution>2.0</interestContribution>
</interactionEvent>
<interactionEvent>
	<kind>selection</kind>
	<date>2007-04-09 23:35:10.826 GMT</date>
	<endDate>2007-04-09 23:35:10.826 GMT</endDate>
	<originId>originId</originId>
	<structureKind>structureKind</structureKind>
	<structureHandle>11111111111111111111111111111111111111111111111111111111111</structureHandle>
	<navigation>navigatedRelation</navigation>
	<delta>delta</delta>
	<interestContribution>2.0</interestContribution>
</interactionEvent>
<interactionEvent>
	<kind>selection</kind>
	<date>2007-04-09 23:35:10.826 GMT</date>
	<endDate>2007-04-09 23:35:10.826 GMT</endDate>
	<originId>originId</originId>
	<structureKind>structureKind</structureKind>
	<structureHandle>111111111111111111111111111111111111111111111111111111111111</structureHandle>
	<navigation>navigatedRelation</navigation>
	<delta>delta</delta>
	<interestContribution>2.0</interestContribution>
</interactionEvent>
<interactionEvent>
	<kind>selection</kind>
	<date>2007-04-09 23:35:10.826 GMT</date>
	<endDate>2007-04-09 23:35:10.826 GMT</endDate>
	<originId>originId</originId>
	<structureKind>structureKind</structureKind>
	<structureHandle>1111111111111111111111111111111111111111111111111111111111111</structureHandle>
	<navigation>navigatedRelation</navigation>
	<delta>delta</delta>
	<interestContribution>2.0</interestContribution>
</interactionEvent>
<interactionEvent>
	<kind>selection</kind>
	<date>2007-04-09 23:35:10.826 GMT</date>
	<endDate>2007-04-09 23:35:10.826 GMT</endDate>
	<originId>originId</originId>
	<structureKind>structureKind</structureKind>
	<structureHandle>11111111111111111111111111111111111111111111111111111111111111</structureHandle>
	<navigation>navigatedRelation</navigation>
	<delta>delta</delta>
	<interestContribution>2.0</interestContribution>
</interactionEvent>
<interactionEvent>
	<kind>selection</kind>
	<date>2007-04-09 23:35:10.826 GMT</date>
	<endDate>2007-04-09 23:35:10.826 GMT</endDate>
	<originId>originId</originId>
	<structureKind>structureKind</structureKind>
	<structureHandle>111111111111111111111111111111111111111111111111111111111111111</structureHandle>
	<navigation>navigatedRelation</navigation>
	<delta>delta</delta>
	<interestContribution>2.0</interestContribution>
</interactionEvent>
<interactionEvent>
	<kind>selection</kind>
	<date>2007-04-09 23:35:10.827 GMT</date>
	<endDate>2007-04-09 23:35:10.827 GMT</endDate>
	<originId>originId</originId>
	<structureKind>structureKind</structureKind>
	<structureHandle>1111111111111111111111111111111111111111111111111111111111111111</structureHandle>
	<navigation>navigatedRelation</navigation>
	<delta>delta</delta>
	<interestContribution>2.0</interestContribution>
</interactionEvent>
<interactionEvent>
	<kind>selection</kind>
	<date>2007-04-09 23:35:10.827 GMT</date>
	<endDate>2007-04-09 23:35:10.827 GMT</endDate>
	<originId>originId</originId>
	<structureKind>structureKind</structureKind>
	<structureHandle>11111111111111111111111111111111111111111111111111111111111111111</structureHandle>
	<navigation>navigatedRelation</navigation>
	<delta>delta</delta>
	<interestContribution>2.0</interestContribution>
</interactionEvent>
<interactionEvent>
	<kind>selection</kind>
	<date>2007-04-09 23:35:10.827 GMT</date>
	<endDate>2007-04-09 23:35:10.827 GMT</endDate>
	<originId>originId</originId>
	<structureKind>structureKind</structureKind>
	<structureHandle>111111111111111111111111111111111111111111111111111111111111111111</structureHandle>
	<navigation>navigatedRelation</navigation>
	<delta>delta</delta>
	<interestContribution>2.0</interestContribution>
</interactionEvent>
<interactionEvent>
	<kind>selection</kind>
	<date>2007-04-09 23:35:10.827 GMT</date>
	<endDate>2007-04-09 23:35:10.827 GMT</endDate>
	<originId>originId</originId>
	<structureKind>structureKind</structureKind>
	<structureHandle>1111111111111111111111111111111111111111111111111111111111111111111</structureHandle>
	<navigation>navigatedRelation</navigation>
	<delta>delta</delta>
	<interestContribution>2.0</interestContribution>
</interactionEvent>
<interactionEvent>
	<kind>selection</kind>
	<date>2007-04-09 23:35:10.827 GMT</date>
	<endDate>2007-04-09 23:35:10.827 GMT</endDate>
	<originId>originId</originId>
	<structureKind>structureKind</structureKind>
	<structureHandle>11111111111111111111111111111111111111111111111111111111111111111111</structureHandle>
	<navigation>navigatedRelation</navigation>
	<delta>delta</delta>
	<interestContribution>2.0</interestContribution>
</interactionEvent>
<interactionEvent>
	<kind>selection</kind>
	<date>2007-04-09 23:35:10.827 GMT</date>
	<endDate>2007-04-09 23:35:10.827 GMT</endDate>
	<originId>originId</originId>
	<structureKind>structureKind</structureKind>
	<structureHandle>111111111111111111111111111111111111111111111111111111111111111111111</structureHandle>
	<navigation>navigatedRelation</navigation>
	<delta>delta</delta>
	<interestContribution>2.0</interestContribution>
</interactionEvent>
<interactionEvent>
	<kind>selection</kind>
	<date>2007-04-09 23:35:10.830 GMT</date>
	<endDate>2007-04-09 23:35:10.830 GMT</endDate>
	<originId>originId</originId>
	<structureKind>structureKind</structureKind>
	<structureHandle>1111111111111111111111111111111111111111111111111111111111111111111111</structureHandle>
	<navigation>navigatedRelation</navigation>
	<delta>delta</delta>
	<interestContribution>2.0</interestContribution>
</interactionEvent>
<interactionEvent>
	<kind>selection</kind>
	<date>2007-04-09 23:35:10.830 GMT</date>
	<endDate>2007-04-09 23:35:10.830 GMT</endDate>
	<originId>originId</originId>
	<structureKind>structureKind</structureKind>
	<structureHandle>11111111111111111111111111111111111111111111111111111111111111111111111</structureHandle>
	<navigation>navigatedRelation</navigation>
	<delta>delta</delta>
	<interestContribution>2.0</interestContribution>
</interactionEvent>
<interactionEvent>
	<kind>selection</kind>
	<date>2007-04-09 23:35:10.830 GMT</date>
	<endDate>2007-04-09 23:35:10.830 GMT</endDate>
	<originId>originId</originId>
	<structureKind>structureKind</structureKind>
	<structureHandle>111111111111111111111111111111111111111111111111111111111111111111111111</structureHandle>
	<navigation>navigatedRelation</navigation>
	<delta>delta</delta>
	<interestContribution>2.0</interestContribution>
</interactionEvent>
<interactionEvent>
	<kind>selection</kind>
	<date>2007-04-09 23:35:10.830 GMT</date>
	<endDate>2007-04-09 23:35:10.830 GMT</endDate>
	<originId>originId</originId>
	<structureKind>structureKind</structureKind>
	<structureHandle>1111111111111111111111111111111111111111111111111111111111111111111111111</structureHandle>
	<navigation>navigatedRelation</navigation>
	<delta>delta</delta>
	<interestContribution>2.0</interestContribution>
</interactionEvent>
<interactionEvent>
	<kind>selection</kind>
	<date>2007-04-09 23:35:10.830 GMT</date>
	<endDate>2007-04-09 23:35:10.830 GMT</endDate>
	<originId>originId</originId>
	<structureKind>structureKind</structureKind>
	<structureHandle>11111111111111111111111111111111111111111111111111111111111111111111111111</structureHandle>
	<navigation>navigatedRelation</navigation>
	<delta>delta</delta>
	<interestContribution>2.0</interestContribution>
</interactionEvent>
<interactionEvent>
	<kind>selection</kind>
	<date>2007-04-09 23:35:10.830 GMT</date>
	<endDate>2007-04-09 23:35:10.830 GMT</endDate>
	<originId>originId</originId>
	<structureKind>structureKind</structureKind>
	<structureHandle>111111111111111111111111111111111111111111111111111111111111111111111111111</structureHandle>
	<navigation>navigatedRelation</navigation>
	<delta>delta</delta>
	<interestContribution>2.0</interestContribution>
</interactionEvent>
<interactionEvent>
	<kind>selection</kind>
	<date>2007-04-09 23:35:10.830 GMT</date>
	<endDate>2007-04-09 23:35:10.830 GMT</endDate>
	<originId>originId</originId>
	<structureKind>structureKind</structureKind>
	<structureHandle>1111111111111111111111111111111111111111111111111111111111111111111111111111</structureHandle>
	<navigation>navigatedRelation</navigation>
	<delta>delta</delta>
	<interestContribution>2.0</interestContribution>
</interactionEvent>
<interactionEvent>
	<kind>selection</kind>
	<date>2007-04-09 23:35:10.830 GMT</date>
	<endDate>2007-04-09 23:35:10.830 GMT</endDate>
	<originId>originId</originId>
	<structureKind>structureKind</structureKind>
	<structureHandle>11111111111111111111111111111111111111111111111111111111111111111111111111111</structureHandle>
	<navigation>navigatedRelation</navigation>
	<delta>delta</delta>
	<interestContribution>2.0</interestContribution>
</interactionEvent>
<interactionEvent>
	<kind>selection</kind>
	<date>2007-04-09 23:35:10.831 GMT</date>
	<endDate>2007-04-09 23:35:10.831 GMT</endDate>
	<originId>originId</originId>
	<structureKind>structureKind</structureKind>
	<structureHandle>111111111111111111111111111111111111111111111111111111111111111111111111111111</structureHandle>
	<navigation>navigatedRelation</navigation>
	<delta>delta</delta>
	<interestContribution>2.0</interestContribution>
</interactionEvent>
<interactionEvent>
	<kind>selection</kind>
	<date>2007-04-09 23:35:10.831 GMT</date>
	<endDate>2007-04-09 23:35:10.831 GMT</endDate>
	<originId>originId</originId>
	<structureKind>structureKind</structureKind>
	<structureHandle>1111111111111111111111111111111111111111111111111111111111111111111111111111111</structureHandle>
	<navigation>navigatedRelation</navigation>
	<delta>delta</delta>
	<interestContribution>2.0</interestContribution>
</interactionEvent>
<interactionEvent>
	<kind>selection</kind>
	<date>2007-04-09 23:35:10.831 GMT</date>
	<endDate>2007-04-09 23:35:10.831 GMT</endDate>
	<originId>originId</originId>
	<structureKind>structureKind</structureKind>
	<structureHandle>11111111111111111111111111111111111111111111111111111111111111111111111111111111</structureHandle>
	<navigation>navigatedRelation</navigation>
	<delta>delta</delta>
	<interestContribution>2.0</interestContribution>
</interactionEvent>
<interactionEvent>
	<kind>selection</kind>
	<date>2007-04-09 23:35:10.831 GMT</date>
	<endDate>2007-04-09 23:35:10.831 GMT</endDate>
	<originId>originId</originId>
	<structureKind>structureKind</structureKind>
	<structureHandle>111111111111111111111111111111111111111111111111111111111111111111111111111111111</structureHandle>
	<navigation>navigatedRelation</navigation>
	<delta>delta</delta>
	<interestContribution>2.0</interestContribution>
</interactionEvent>
<interactionEvent>
	<kind>selection</kind>
	<date>2007-04-09 23:35:10.831 GMT</date>
	<endDate>2007-04-09 23:35:10.831 GMT</endDate>
	<originId>originId</originId>
	<structureKind>structureKind</structureKind>
	<structureHandle>1111111111111111111111111111111111111111111111111111111111111111111111111111111111</structureHandle>
	<navigation>navigatedRelation</navigation>
	<delta>delta</delta>
	<interestContribution>2.0</interestContribution>
</interactionEvent>
<interactionEvent>
	<kind>selection</kind>
	<date>2007-04-09 23:35:10.832 GMT</date>
	<endDate>2007-04-09 23:35:10.832 GMT</endDate>
	<originId>originId</originId>
	<structureKind>structureKind</structureKind>
	<structureHandle>11111111111111111111111111111111111111111111111111111111111111111111111111111111111</structureHandle>
	<navigation>navigatedRelation</navigation>
	<delta>delta</delta>
	<interestContribution>2.0</interestContribution>
</interactionEvent>
<interactionEvent>
	<kind>selection</kind>
	<date>2007-04-09 23:35:10.833 GMT</date>
	<endDate>2007-04-09 23:35:10.833 GMT</endDate>
	<originId>originId</originId>
	<structureKind>structureKind</structureKind>
	<structureHandle>111111111111111111111111111111111111111111111111111111111111111111111111111111111111</structureHandle>
	<navigation>navigatedRelation</navigation>
	<delta>delta</delta>
	<interestContribution>2.0</interestContribution>
</interactionEvent>
<interactionEvent>
	<kind>selection</kind>
	<date>2007-04-09 23:35:10.833 GMT</date>
	<endDate>2007-04-09 23:35:10.833 GMT</endDate>
	<originId>originId</originId>
	<structureKind>structureKind</structureKind>
	<structureHandle>1111111111111111111111111111111111111111111111111111111111111111111111111111111111111</structureHandle>
	<navigation>navigatedRelation</navigation>
	<delta>delta</delta>
	<interestContribution>2.0</interestContribution>
</interactionEvent>
<interactionEvent>
	<kind>selection</kind>
	<date>2007-04-09 23:35:10.833 GMT</date>
	<endDate>2007-04-09 23:35:10.833 GMT</endDate>
	<originId>originId</originId>
	<structureKind>structureKind</structureKind>
	<structureHandle>11111111111111111111111111111111111111111111111111111111111111111111111111111111111111</structureHandle>
	<navigation>navigatedRelation</navigation>
	<delta>delta</delta>
	<interestContribution>2.0</interestContribution>
</interactionEvent>
<interactionEvent>
	<kind>selection</kind>
	<date>2007-04-09 23:35:10.833 GMT</date>
	<endDate>2007-04-09 23:35:10.833 GMT</endDate>
	<originId>originId</originId>
	<structureKind>structureKind</structureKind>
	<structureHandle>111111111111111111111111111111111111111111111111111111111111111111111111111111111111111</structureHandle>
	<navigation>navigatedRelation</navigation>
	<delta>delta</delta>
	<interestContribution>2.0</interestContribution>
</interactionEvent>
<interactionEvent>
	<kind>selection</kind>
	<date>2007-04-09 23:35:10.833 GMT</date>
	<endDate>2007-04-09 23:35:10.833 GMT</endDate>
	<originId>originId</originId>
	<structureKind>structureKind</structureKind>
	<structureHandle>1111111111111111111111111111111111111111111111111111111111111111111111111111111111111111</structureHandle>
	<navigation>navigatedRelation</navigation>
	<delta>delta</delta>
	<interestContribution>2.0</interestContribution>
</interactionEvent>
<interactionEvent>
	<kind>selection</kind>
	<date>2007-04-09 23:35:10.833 GMT</date>
	<endDate>2007-04-09 23:35:10.833 GMT</endDate>
	<originId>originId</originId>
	<structureKind>structureKind</structureKind>
	<structureHandle>11111111111111111111111111111111111111111111111111111111111111111111111111111111111111111</structureHandle>
	<navigation>navigatedRelation</navigation>
	<delta>delta</delta>
	<interestContribution>2.0</interestContribution>
</interactionEvent>
<interactionEvent>
	<kind>selection</kind>
	<date>2007-04-09 23:35:10.833 GMT</date>
	<endDate>2007-04-09 23:35:10.833 GMT</endDate>
	<originId>originId</originId>
	<structureKind>structureKind</structureKind>
	<structureHandle>111111111111111111111111111111111111111111111111111111111111111111111111111111111111111111</structureHandle>
	<navigation>navigatedRelation</navigation>
	<delta>delta</delta>
	<interestContribution>2.0</interestContribution>
</interactionEvent>
<interactionEvent>
	<kind>selection</kind>
	<date>2007-04-09 23:35:10.833 GMT</date>
	<endDate>2007-04-09 23:35:10.833 GMT</endDate>
	<originId>originId</originId>
	<structureKind>structureKind</structureKind>
	<structureHandle>1111111111111111111111111111111111111111111111111111111111111111111111111111111111111111111</structureHandle>
	<navigation>navigatedRelation</navigation>
	<delta>delta</delta>
	<interestContribution>2.0</interestContribution>
</interactionEvent>
<interactionEvent>
	<kind>selection</kind>
	<date>2007-04-09 23:35:10.833 GMT</date>
	<endDate>2007-04-09 23:35:10.833 GMT</endDate>
	<originId>originId</originId>
	<structureKind>structureKind</structureKind>
	<structureHandle>11111111111111111111111111111111111111111111111111111111111111111111111111111111111111111111</structureHandle>
	<navigation>navigatedRelation</navigation>
	<delta>delta</delta>
	<interestContribution>2.0</interestContribution>
</interactionEvent>
<interactionEvent>
	<kind>selection</kind>
	<date>2007-04-09 23:35:10.834 GMT</date>
	<endDate>2007-04-09 23:35:10.834 GMT</endDate>
	<originId>originId</originId>
	<structureKind>structureKind</structureKind>
	<structureHandle>111111111111111111111111111111111111111111111111111111111111111111111111111111111111111111111</structureHandle>
	<navigation>navigatedRelation</navigation>
	<delta>delta</delta>
	<interestContribution>2.0</interestContribution>
</interactionEvent>
<interactionEvent>
	<kind>selection</kind>
	<date>2007-04-09 23:35:10.834 GMT</date>
	<endDate>2007-04-09 23:35:10.834 GMT</endDate>
	<originId>originId</originId>
	<structureKind>structureKind</structureKind>
	<structureHandle>1111111111111111111111111111111111111111111111111111111111111111111111111111111111111111111111</structureHandle>
	<navigation>navigatedRelation</navigation>
	<delta>delta</delta>
	<interestContribution>2.0</interestContribution>
</interactionEvent>
<interactionEvent>
	<kind>selection</kind>
	<date>2007-04-09 23:35:10.834 GMT</date>
	<endDate>2007-04-09 23:35:10.834 GMT</endDate>
	<originId>originId</originId>
	<structureKind>structureKind</structureKind>
	<structureHandle>11111111111111111111111111111111111111111111111111111111111111111111111111111111111111111111111</structureHandle>
	<navigation>navigatedRelation</navigation>
	<delta>delta</delta>
	<interestContribution>2.0</interestContribution>
</interactionEvent>
<interactionEvent>
	<kind>selection</kind>
	<date>2007-04-09 23:35:10.834 GMT</date>
	<endDate>2007-04-09 23:35:10.834 GMT</endDate>
	<originId>originId</originId>
	<structureKind>structureKind</structureKind>
	<structureHandle>111111111111111111111111111111111111111111111111111111111111111111111111111111111111111111111111</structureHandle>
	<navigation>navigatedRelation</navigation>
	<delta>delta</delta>
	<interestContribution>2.0</interestContribution>
</interactionEvent>
<interactionEvent>
	<kind>selection</kind>
	<date>2007-04-09 23:35:10.834 GMT</date>
	<endDate>2007-04-09 23:35:10.834 GMT</endDate>
	<originId>originId</originId>
	<structureKind>structureKind</structureKind>
	<structureHandle>1111111111111111111111111111111111111111111111111111111111111111111111111111111111111111111111111</structureHandle>
	<navigation>navigatedRelation</navigation>
	<delta>delta</delta>
	<interestContribution>2.0</interestContribution>
</interactionEvent>
<interactionEvent>
	<kind>selection</kind>
	<date>2007-04-09 23:35:10.834 GMT</date>
	<endDate>2007-04-09 23:35:10.834 GMT</endDate>
	<originId>originId</originId>
	<structureKind>structureKind</structureKind>
	<structureHandle>11111111111111111111111111111111111111111111111111111111111111111111111111111111111111111111111111</structureHandle>
	<navigation>navigatedRelation</navigation>
	<delta>delta</delta>
	<interestContribution>2.0</interestContribution>
</interactionEvent>
<interactionEvent>
	<kind>selection</kind>
	<date>2007-04-09 23:35:10.834 GMT</date>
	<endDate>2007-04-09 23:35:10.834 GMT</endDate>
	<originId>originId</originId>
	<structureKind>structureKind</structureKind>
	<structureHandle>111111111111111111111111111111111111111111111111111111111111111111111111111111111111111111111111111</structureHandle>
	<navigation>navigatedRelation</navigation>
	<delta>delta</delta>
	<interestContribution>2.0</interestContribution>
</interactionEvent>
<interactionEvent>
	<kind>selection</kind>
	<date>2007-04-09 23:35:10.834 GMT</date>
	<endDate>2007-04-09 23:35:10.834 GMT</endDate>
	<originId>originId</originId>
	<structureKind>structureKind</structureKind>
	<structureHandle>1111111111111111111111111111111111111111111111111111111111111111111111111111111111111111111111111111</structureHandle>
	<navigation>navigatedRelation</navigation>
	<delta>delta</delta>
	<interestContribution>2.0</interestContribution>
</interactionEvent>
